<?xml version="1.0" encoding="UTF-8"?>
<testsuite name="com.wipro.optimapayout.OptimaPayoutApplicationTests" time="1.796" tests="1" errors="0" skipped="0" failures="1">
  <properties>
[...]
</properties>
  <testcase name="testResponse" classname="com.wipro.optimapayout.OptimaPayoutApplicationTests" time="1.796">
    <failure message="expected:&lt;404&gt; but was:&lt;200&gt;" type="java.lang.AssertionError"><![CDATA[java.lang.AssertionError: expected:<404> but was:<200>
	at org.junit.Assert.fail(Assert.java:88)
	at org.junit.Assert.failNotEquals(Assert.java:834)
	at org.junit.Assert.assertEquals(Assert.java:645)
	at org.junit.Assert.assertEquals(Assert.java:631)
	at com.wipro.optimapayout.OptimaPayoutApplicationTests.testResponse(OptimaPayoutApplicationTests.java:24)
]]></failure>
    <system-out><![CDATA[15:07:08.192 [main] DEBUG org.springframework.test.context.junit4.SpringJUnit4ClassRunner - SpringJUnit4ClassRunner constructor called with [class com.wipro.optimapayout.OptimaPayoutApplicationTests]
15:07:08.221 [main] DEBUG org.springframework.test.context.BootstrapUtils - Instantiating CacheAwareContextLoaderDelegate from class [org.springframework.test.context.cache.DefaultCacheAwareContextLoaderDelegate]
15:07:08.235 [main] DEBUG org.springframework.test.context.BootstrapUtils - Instantiating BootstrapContext using constructor [public org.springframework.test.context.support.DefaultBootstrapContext(java.lang.Class,org.springframework.test.context.CacheAwareContextLoaderDelegate)]
15:07:08.265 [main] DEBUG org.springframework.test.context.BootstrapUtils - Instantiating TestContextBootstrapper for test class [com.wipro.optimapayout.OptimaPayoutApplicationTests] from class [org.springframework.boot.test.context.SpringBootTestContextBootstrapper]
15:07:08.292 [main] INFO org.springframework.boot.test.context.SpringBootTestContextBootstrapper - Neither @ContextConfiguration nor @ContextHierarchy found for test class [com.wipro.optimapayout.OptimaPayoutApplicationTests], using SpringBootContextLoader
15:07:08.298 [main] DEBUG org.springframework.test.context.support.AbstractContextLoader - Did not detect default resource location for test class [com.wipro.optimapayout.OptimaPayoutApplicationTests]: class path resource [com/wipro/optimapayout/OptimaPayoutApplicationTests-context.xml] does not exist
15:07:08.298 [main] DEBUG org.springframework.test.context.support.AbstractContextLoader - Did not detect default resource location for test class [com.wipro.optimapayout.OptimaPayoutApplicationTests]: class path resource [com/wipro/optimapayout/OptimaPayoutApplicationTestsContext.groovy] does not exist
15:07:08.299 [main] INFO org.springframework.test.context.support.AbstractContextLoader - Could not detect default resource locations for test class [com.wipro.optimapayout.OptimaPayoutApplicationTests]: no resource found for suffixes {-context.xml, Context.groovy}.
15:07:08.300 [main] INFO org.springframework.test.context.support.AnnotationConfigContextLoaderUtils - Could not detect default configuration classes for test class [com.wipro.optimapayout.OptimaPayoutApplicationTests]: OptimaPayoutApplicationTests does not declare any static, non-private, non-final, nested classes annotated with @Configuration.
15:07:08.361 [main] DEBUG org.springframework.test.context.support.ActiveProfilesUtils - Could not find an 'annotation declaring class' for annotation type [org.springframework.test.context.ActiveProfiles] and class [com.wipro.optimapayout.OptimaPayoutApplicationTests]
15:07:08.379 [main] DEBUG org.springframework.core.env.StandardEnvironment - Adding PropertySource 'systemProperties' with lowest search precedence
15:07:08.380 [main] DEBUG org.springframework.core.env.StandardEnvironment - Adding PropertySource 'systemEnvironment' with lowest search precedence
15:07:08.381 [main] DEBUG org.springframework.core.env.StandardEnvironment - Initialized StandardEnvironment with PropertySources [MapPropertySource@885851948 {name='systemProperties', properties={java.runtime.name=Java(TM) SE Runtime Environment, sun.boot.library.path=C:\Program Files\Java\jdk1.8.0_144\jre\bin, java.vm.version=25.144-b01, java.vm.vendor=Oracle Corporation, java.vendor.url=http://java.oracle.com/, path.separator=;, java.vm.name=Java HotSpot(TM) 64-Bit Server VM, file.encoding.pkg=sun.io, user.country=US, user.script=, sun.java.launcher=SUN_STANDARD, sun.os.patch.level=, java.vm.specification.name=Java Virtual Machine Specification, user.dir=E:\LBG\Project\Optima\optima-payout, java.runtime.version=1.8.0_144-b01, basedir=E:\LBG\Project\Optima\optima-payout, java.awt.graphicsenv=sun.awt.Win32GraphicsEnvironment, java.endorsed.dirs=C:\Program Files\Java\jdk1.8.0_144\jre\lib\endorsed, os.arch=amd64, surefire.real.class.path=E:\LBG\Project\Optima\optima-payout\target\surefire\surefirebooter4266517429362899277.jar, java.io.tmpdir=C:\Users\he351544\AppData\Local\Temp\, line.separator=
, java.vm.specification.vendor=Oracle Corporation, user.variant=, os.name=Windows 10, sun.jnu.encoding=Cp1252, java.library.path=C:\Program Files\Java\jdk1.8.0_144\jre\bin;C:\windows\Sun\Java\bin;C:\windows\system32;C:\windows;C:/Program Files/Java/jdk1.8.0_144/jre/bin/server;C:/Program Files/Java/jdk1.8.0_144/jre/bin;C:/Program Files/Java/jdk1.8.0_144/jre/lib/amd64;C:\windows\system32;C:\windows;C:\windows\System32\Wbem;C:\windows\System32\WindowsPowerShell\v1.0\;C:\Program Files\Intel\WiFi\bin\;C:\Program Files\Common Files\Intel\WirelessCommon\;C:\Program Files\apache-cassandra-3.11.1\bin;C:\Program Files (x86)\Intel\Intel(R) Management Engine Components\DAL;C:\Program Files\Intel\Intel(R) Management Engine Components\DAL;C:\Program Files (x86)\Intel\Intel(R) Management Engine Components\IPT;C:\Program Files\Intel\Intel(R) Management Engine Components\IPT;C:\ProgramData\chocolatey\bin;C:\Program Files\Java\jdk1.8.0_162\bin;C:\Program Files\nodejs\;C:\Program Files\dotnet\;C:\Go\bin;C:\Program Files\Amazon\AWSCLI\;C:\Program Files\Terraform;C:\Program Files (x86)\PuTTY\;C:\Program Files\Java\jdk1.8.0_162\jre;C:\Program Files\Java\jdk1.8.0_144\jre\bin;C:\Program Files\Java\jdk1.8.0_144\jre;C:\Users\he351544\AppData\Local\Microsoft\WindowsApps;C:\Users\he351544\AppData\Local\Programs\Git\cmd;C:\Users\he351544\AppData\Roaming\Cloud Foundry;C:\Users\he351544\AppData\Local\atom\bin;C:\Users\he351544\AppData\Roaming\npm;C:\Program Files\Microsoft VS Code\bin;;C:\Program Files\sts-bundle\sts-3.9.1.RELEASE;;., surefire.test.class.path=E:\LBG\Project\Optima\optima-payout\target\test-classes;E:\LBG\Project\Optima\optima-payout\target\classes;C:\Users\he351544\.m2\repository\org\springframework\boot\spring-boot-starter-data-jpa\1.5.19.RELEASE\spring-boot-starter-data-jpa-1.5.19.RELEASE.jar;C:\Users\he351544\.m2\repository\org\springframework\boot\spring-boot-starter\1.5.19.RELEASE\spring-boot-starter-1.5.19.RELEASE.jar;C:\Users\he351544\.m2\repository\org\springframework\boot\spring-boot\1.5.19.RELEASE\spring-boot-1.5.19.RELEASE.jar;C:\Users\he351544\.m2\repository\org\springframework\boot\spring-boot-autoconfigure\1.5.19.RELEASE\spring-boot-autoconfigure-1.5.19.RELEASE.jar;C:\Users\he351544\.m2\repository\org\springframework\boot\spring-boot-starter-logging\1.5.19.RELEASE\spring-boot-starter-logging-1.5.19.RELEASE.jar;C:\Users\he351544\.m2\repository\ch\qos\logback\logback-classic\1.1.11\logback-classic-1.1.11.jar;C:\Users\he351544\.m2\repository\ch\qos\logback\logback-core\1.1.11\logback-core-1.1.11.jar;C:\Users\he351544\.m2\repository\org\slf4j\jul-to-slf4j\1.7.25\jul-to-slf4j-1.7.25.jar;C:\Users\he351544\.m2\repository\org\slf4j\log4j-over-slf4j\1.7.25\log4j-over-slf4j-1.7.25.jar;C:\Users\he351544\.m2\repository\org\yaml\snakeyaml\1.17\snakeyaml-1.17.jar;C:\Users\he351544\.m2\repository\org\springframework\boot\spring-boot-starter-aop\1.5.19.RELEASE\spring-boot-starter-aop-1.5.19.RELEASE.jar;C:\Users\he351544\.m2\repository\org\springframework\spring-aop\4.3.22.RELEASE\spring-aop-4.3.22.RELEASE.jar;C:\Users\he351544\.m2\repository\org\aspectj\aspectjweaver\1.8.13\aspectjweaver-1.8.13.jar;C:\Users\he351544\.m2\repository\org\springframework\boot\spring-boot-starter-jdbc\1.5.19.RELEASE\spring-boot-starter-jdbc-1.5.19.RELEASE.jar;C:\Users\he351544\.m2\repository\org\apache\tomcat\tomcat-jdbc\8.5.37\tomcat-jdbc-8.5.37.jar;C:\Users\he351544\.m2\repository\org\apache\tomcat\tomcat-juli\8.5.37\tomcat-juli-8.5.37.jar;C:\Users\he351544\.m2\repository\org\springframework\spring-jdbc\4.3.22.RELEASE\spring-jdbc-4.3.22.RELEASE.jar;C:\Users\he351544\.m2\repository\org\hibernate\hibernate-core\5.0.12.Final\hibernate-core-5.0.12.Final.jar;C:\Users\he351544\.m2\repository\org\jboss\logging\jboss-logging\3.3.2.Final\jboss-logging-3.3.2.Final.jar;C:\Users\he351544\.m2\repository\org\hibernate\javax\persistence\hibernate-jpa-2.1-api\1.0.0.Final\hibernate-jpa-2.1-api-1.0.0.Final.jar;C:\Users\he351544\.m2\repository\org\javassist\javassist\3.21.0-GA\javassist-3.21.0-GA.jar;C:\Users\he351544\.m2\repository\antlr\antlr\2.7.7\antlr-2.7.7.jar;C:\Users\he351544\.m2\repository\org\jboss\jandex\2.0.0.Final\jandex-2.0.0.Final.jar;C:\Users\he351544\.m2\repository\dom4j\dom4j\1.6.1\dom4j-1.6.1.jar;C:\Users\he351544\.m2\repository\org\hibernate\common\hibernate-commons-annotations\5.0.1.Final\hibernate-commons-annotations-5.0.1.Final.jar;C:\Users\he351544\.m2\repository\org\hibernate\hibernate-entitymanager\5.0.12.Final\hibernate-entitymanager-5.0.12.Final.jar;C:\Users\he351544\.m2\repository\javax\transaction\javax.transaction-api\1.2\javax.transaction-api-1.2.jar;C:\Users\he351544\.m2\repository\org\springframework\data\spring-data-jpa\1.11.18.RELEASE\spring-data-jpa-1.11.18.RELEASE.jar;C:\Users\he351544\.m2\repository\org\springframework\data\spring-data-commons\1.13.18.RELEASE\spring-data-commons-1.13.18.RELEASE.jar;C:\Users\he351544\.m2\repository\org\springframework\spring-orm\4.3.22.RELEASE\spring-orm-4.3.22.RELEASE.jar;C:\Users\he351544\.m2\repository\org\springframework\spring-context\4.3.22.RELEASE\spring-context-4.3.22.RELEASE.jar;C:\Users\he351544\.m2\repository\org\springframework\spring-tx\4.3.22.RELEASE\spring-tx-4.3.22.RELEASE.jar;C:\Users\he351544\.m2\repository\org\springframework\spring-beans\4.3.22.RELEASE\spring-beans-4.3.22.RELEASE.jar;C:\Users\he351544\.m2\repository\org\slf4j\slf4j-api\1.7.25\slf4j-api-1.7.25.jar;C:\Users\he351544\.m2\repository\org\slf4j\jcl-over-slf4j\1.7.25\jcl-over-slf4j-1.7.25.jar;C:\Users\he351544\.m2\repository\org\springframework\spring-aspects\4.3.22.RELEASE\spring-aspects-4.3.22.RELEASE.jar;C:\Users\he351544\.m2\repository\org\springframework\boot\spring-boot-starter-web\1.5.19.RELEASE\spring-boot-starter-web-1.5.19.RELEASE.jar;C:\Users\he351544\.m2\repository\org\springframework\boot\spring-boot-starter-tomcat\1.5.19.RELEASE\spring-boot-starter-tomcat-1.5.19.RELEASE.jar;C:\Users\he351544\.m2\repository\org\apache\tomcat\embed\tomcat-embed-websocket\8.5.37\tomcat-embed-websocket-8.5.37.jar;C:\Users\he351544\.m2\repository\org\hibernate\hibernate-validator\5.3.6.Final\hibernate-validator-5.3.6.Final.jar;C:\Users\he351544\.m2\repository\javax\validation\validation-api\1.1.0.Final\validation-api-1.1.0.Final.jar;C:\Users\he351544\.m2\repository\com\fasterxml\classmate\1.3.4\classmate-1.3.4.jar;C:\Users\he351544\.m2\repository\com\fasterxml\jackson\core\jackson-databind\2.8.11.3\jackson-databind-2.8.11.3.jar;C:\Users\he351544\.m2\repository\com\fasterxml\jackson\core\jackson-annotations\2.8.0\jackson-annotations-2.8.0.jar;C:\Users\he351544\.m2\repository\com\fasterxml\jackson\core\jackson-core\2.8.11\jackson-core-2.8.11.jar;C:\Users\he351544\.m2\repository\org\springframework\spring-web\4.3.22.RELEASE\spring-web-4.3.22.RELEASE.jar;C:\Users\he351544\.m2\repository\org\springframework\spring-webmvc\4.3.22.RELEASE\spring-webmvc-4.3.22.RELEASE.jar;C:\Users\he351544\.m2\repository\org\springframework\spring-expression\4.3.22.RELEASE\spring-expression-4.3.22.RELEASE.jar;C:\Users\he351544\.m2\repository\org\apache\tomcat\embed\tomcat-embed-jasper\8.5.16\tomcat-embed-jasper-8.5.16.jar;C:\Users\he351544\.m2\repository\org\apache\tomcat\embed\tomcat-embed-core\8.5.37\tomcat-embed-core-8.5.37.jar;C:\Users\he351544\.m2\repository\org\apache\tomcat\tomcat-annotations-api\8.5.37\tomcat-annotations-api-8.5.37.jar;C:\Users\he351544\.m2\repository\org\apache\tomcat\embed\tomcat-embed-el\8.5.37\tomcat-embed-el-8.5.37.jar;C:\Users\he351544\.m2\repository\org\eclipse\jdt\ecj\3.12.3\ecj-3.12.3.jar;C:\Users\he351544\.m2\repository\javax\servlet\jstl\1.2\jstl-1.2.jar;C:\Users\he351544\.m2\repository\mysql\mysql-connector-java\5.1.47\mysql-connector-java-5.1.47.jar;C:\Users\he351544\.m2\repository\org\springframework\boot\spring-boot-starter-test\1.5.19.RELEASE\spring-boot-starter-test-1.5.19.RELEASE.jar;C:\Users\he351544\.m2\repository\org\springframework\boot\spring-boot-test\1.5.19.RELEASE\spring-boot-test-1.5.19.RELEASE.jar;C:\Users\he351544\.m2\repository\org\springframework\boot\spring-boot-test-autoconfigure\1.5.19.RELEASE\spring-boot-test-autoconfigure-1.5.19.RELEASE.jar;C:\Users\he351544\.m2\repository\com\jayway\jsonpath\json-path\2.2.0\json-path-2.2.0.jar;C:\Users\he351544\.m2\repository\net\minidev\json-smart\2.2.1\json-smart-2.2.1.jar;C:\Users\he351544\.m2\repository\net\minidev\accessors-smart\1.1\accessors-smart-1.1.jar;C:\Users\he351544\.m2\repository\org\ow2\asm\asm\5.0.3\asm-5.0.3.jar;C:\Users\he351544\.m2\repository\junit\junit\4.12\junit-4.12.jar;C:\Users\he351544\.m2\repository\org\assertj\assertj-core\2.6.0\assertj-core-2.6.0.jar;C:\Users\he351544\.m2\repository\org\mockito\mockito-core\1.10.19\mockito-core-1.10.19.jar;C:\Users\he351544\.m2\repository\org\objenesis\objenesis\2.1\objenesis-2.1.jar;C:\Users\he351544\.m2\repository\org\hamcrest\hamcrest-core\1.3\hamcrest-core-1.3.jar;C:\Users\he351544\.m2\repository\org\hamcrest\hamcrest-library\1.3\hamcrest-library-1.3.jar;C:\Users\he351544\.m2\repository\org\skyscreamer\jsonassert\1.4.0\jsonassert-1.4.0.jar;C:\Users\he351544\.m2\repository\com\vaadin\external\google\android-json\0.0.20131108.vaadin1\android-json-0.0.20131108.vaadin1.jar;C:\Users\he351544\.m2\repository\org\springframework\spring-core\4.3.22.RELEASE\spring-core-4.3.22.RELEASE.jar;C:\Users\he351544\.m2\repository\org\springframework\spring-test\4.3.22.RELEASE\spring-test-4.3.22.RELEASE.jar;C:\Users\he351544\.m2\repository\com\googlecode\json-simple\json-simple\1.1.1\json-simple-1.1.1.jar;C:\Users\he351544\.m2\repository\io\rest-assured\rest-assured\3.0.0\rest-assured-3.0.0.jar;C:\Users\he351544\.m2\repository\org\codehaus\groovy\groovy\2.4.16\groovy-2.4.16.jar;C:\Users\he351544\.m2\repository\org\codehaus\groovy\groovy-xml\2.4.16\groovy-xml-2.4.16.jar;C:\Users\he351544\.m2\repository\org\apache\httpcomponents\httpclient\4.5.6\httpclient-4.5.6.jar;C:\Users\he351544\.m2\repository\org\apache\httpcomponents\httpcore\4.4.10\httpcore-4.4.10.jar;C:\Users\he351544\.m2\repository\commons-codec\commons-codec\1.10\commons-codec-1.10.jar;C:\Users\he351544\.m2\repository\org\apache\httpcomponents\httpmime\4.5.6\httpmime-4.5.6.jar;C:\Users\he351544\.m2\repository\org\ccil\cowan\tagsoup\tagsoup\1.2.1\tagsoup-1.2.1.jar;C:\Users\he351544\.m2\repository\io\rest-assured\json-path\3.0.0\json-path-3.0.0.jar;C:\Users\he351544\.m2\repository\org\codehaus\groovy\groovy-json\2.4.16\groovy-json-2.4.16.jar;C:\Users\he351544\.m2\repository\io\rest-assured\rest-assured-common\3.0.0\rest-assured-common-3.0.0.jar;C:\Users\he351544\.m2\repository\io\rest-assured\xml-path\3.0.0\xml-path-3.0.0.jar;C:\Users\he351544\.m2\repository\org\apache\commons\commons-lang3\3.4\commons-lang3-3.4.jar;, java.specification.name=Java Platform API Specification, java.class.version=52.0, sun.management.compiler=HotSpot 64-Bit Tiered Compilers, os.version=10.0, user.home=C:\Users\he351544, user.timezone=Asia/Calcutta, java.awt.printerjob=sun.awt.windows.WPrinterJob, file.encoding=Cp1252, java.specification.version=1.8, java.class.path=E:\LBG\Project\Optima\optima-payout\target\test-classes;E:\LBG\Project\Optima\optima-payout\target\classes;C:\Users\he351544\.m2\repository\org\springframework\boot\spring-boot-starter-data-jpa\1.5.19.RELEASE\spring-boot-starter-data-jpa-1.5.19.RELEASE.jar;C:\Users\he351544\.m2\repository\org\springframework\boot\spring-boot-starter\1.5.19.RELEASE\spring-boot-starter-1.5.19.RELEASE.jar;C:\Users\he351544\.m2\repository\org\springframework\boot\spring-boot\1.5.19.RELEASE\spring-boot-1.5.19.RELEASE.jar;C:\Users\he351544\.m2\repository\org\springframework\boot\spring-boot-autoconfigure\1.5.19.RELEASE\spring-boot-autoconfigure-1.5.19.RELEASE.jar;C:\Users\he351544\.m2\repository\org\springframework\boot\spring-boot-starter-logging\1.5.19.RELEASE\spring-boot-starter-logging-1.5.19.RELEASE.jar;C:\Users\he351544\.m2\repository\ch\qos\logback\logback-classic\1.1.11\logback-classic-1.1.11.jar;C:\Users\he351544\.m2\repository\ch\qos\logback\logback-core\1.1.11\logback-core-1.1.11.jar;C:\Users\he351544\.m2\repository\org\slf4j\jul-to-slf4j\1.7.25\jul-to-slf4j-1.7.25.jar;C:\Users\he351544\.m2\repository\org\slf4j\log4j-over-slf4j\1.7.25\log4j-over-slf4j-1.7.25.jar;C:\Users\he351544\.m2\repository\org\yaml\snakeyaml\1.17\snakeyaml-1.17.jar;C:\Users\he351544\.m2\repository\org\springframework\boot\spring-boot-starter-aop\1.5.19.RELEASE\spring-boot-starter-aop-1.5.19.RELEASE.jar;C:\Users\he351544\.m2\repository\org\springframework\spring-aop\4.3.22.RELEASE\spring-aop-4.3.22.RELEASE.jar;C:\Users\he351544\.m2\repository\org\aspectj\aspectjweaver\1.8.13\aspectjweaver-1.8.13.jar;C:\Users\he351544\.m2\repository\org\springframework\boot\spring-boot-starter-jdbc\1.5.19.RELEASE\spring-boot-starter-jdbc-1.5.19.RELEASE.jar;C:\Users\he351544\.m2\repository\org\apache\tomcat\tomcat-jdbc\8.5.37\tomcat-jdbc-8.5.37.jar;C:\Users\he351544\.m2\repository\org\apache\tomcat\tomcat-juli\8.5.37\tomcat-juli-8.5.37.jar;C:\Users\he351544\.m2\repository\org\springframework\spring-jdbc\4.3.22.RELEASE\spring-jdbc-4.3.22.RELEASE.jar;C:\Users\he351544\.m2\repository\org\hibernate\hibernate-core\5.0.12.Final\hibernate-core-5.0.12.Final.jar;C:\Users\he351544\.m2\repository\org\jboss\logging\jboss-logging\3.3.2.Final\jboss-logging-3.3.2.Final.jar;C:\Users\he351544\.m2\repository\org\hibernate\javax\persistence\hibernate-jpa-2.1-api\1.0.0.Final\hibernate-jpa-2.1-api-1.0.0.Final.jar;C:\Users\he351544\.m2\repository\org\javassist\javassist\3.21.0-GA\javassist-3.21.0-GA.jar;C:\Users\he351544\.m2\repository\antlr\antlr\2.7.7\antlr-2.7.7.jar;C:\Users\he351544\.m2\repository\org\jboss\jandex\2.0.0.Final\jandex-2.0.0.Final.jar;C:\Users\he351544\.m2\repository\dom4j\dom4j\1.6.1\dom4j-1.6.1.jar;C:\Users\he351544\.m2\repository\org\hibernate\common\hibernate-commons-annotations\5.0.1.Final\hibernate-commons-annotations-5.0.1.Final.jar;C:\Users\he351544\.m2\repository\org\hibernate\hibernate-entitymanager\5.0.12.Final\hibernate-entitymanager-5.0.12.Final.jar;C:\Users\he351544\.m2\repository\javax\transaction\javax.transaction-api\1.2\javax.transaction-api-1.2.jar;C:\Users\he351544\.m2\repository\org\springframework\data\spring-data-jpa\1.11.18.RELEASE\spring-data-jpa-1.11.18.RELEASE.jar;C:\Users\he351544\.m2\repository\org\springframework\data\spring-data-commons\1.13.18.RELEASE\spring-data-commons-1.13.18.RELEASE.jar;C:\Users\he351544\.m2\repository\org\springframework\spring-orm\4.3.22.RELEASE\spring-orm-4.3.22.RELEASE.jar;C:\Users\he351544\.m2\repository\org\springframework\spring-context\4.3.22.RELEASE\spring-context-4.3.22.RELEASE.jar;C:\Users\he351544\.m2\repository\org\springframework\spring-tx\4.3.22.RELEASE\spring-tx-4.3.22.RELEASE.jar;C:\Users\he351544\.m2\repository\org\springframework\spring-beans\4.3.22.RELEASE\spring-beans-4.3.22.RELEASE.jar;C:\Users\he351544\.m2\repository\org\slf4j\slf4j-api\1.7.25\slf4j-api-1.7.25.jar;C:\Users\he351544\.m2\repository\org\slf4j\jcl-over-slf4j\1.7.25\jcl-over-slf4j-1.7.25.jar;C:\Users\he351544\.m2\repository\org\springframework\spring-aspects\4.3.22.RELEASE\spring-aspects-4.3.22.RELEASE.jar;C:\Users\he351544\.m2\repository\org\springframework\boot\spring-boot-starter-web\1.5.19.RELEASE\spring-boot-starter-web-1.5.19.RELEASE.jar;C:\Users\he351544\.m2\repository\org\springframework\boot\spring-boot-starter-tomcat\1.5.19.RELEASE\spring-boot-starter-tomcat-1.5.19.RELEASE.jar;C:\Users\he351544\.m2\repository\org\apache\tomcat\embed\tomcat-embed-websocket\8.5.37\tomcat-embed-websocket-8.5.37.jar;C:\Users\he351544\.m2\repository\org\hibernate\hibernate-validator\5.3.6.Final\hibernate-validator-5.3.6.Final.jar;C:\Users\he351544\.m2\repository\javax\validation\validation-api\1.1.0.Final\validation-api-1.1.0.Final.jar;C:\Users\he351544\.m2\repository\com\fasterxml\classmate\1.3.4\classmate-1.3.4.jar;C:\Users\he351544\.m2\repository\com\fasterxml\jackson\core\jackson-databind\2.8.11.3\jackson-databind-2.8.11.3.jar;C:\Users\he351544\.m2\repository\com\fasterxml\jackson\core\jackson-annotations\2.8.0\jackson-annotations-2.8.0.jar;C:\Users\he351544\.m2\repository\com\fasterxml\jackson\core\jackson-core\2.8.11\jackson-core-2.8.11.jar;C:\Users\he351544\.m2\repository\org\springframework\spring-web\4.3.22.RELEASE\spring-web-4.3.22.RELEASE.jar;C:\Users\he351544\.m2\repository\org\springframework\spring-webmvc\4.3.22.RELEASE\spring-webmvc-4.3.22.RELEASE.jar;C:\Users\he351544\.m2\repository\org\springframework\spring-expression\4.3.22.RELEASE\spring-expression-4.3.22.RELEASE.jar;C:\Users\he351544\.m2\repository\org\apache\tomcat\embed\tomcat-embed-jasper\8.5.16\tomcat-embed-jasper-8.5.16.jar;C:\Users\he351544\.m2\repository\org\apache\tomcat\embed\tomcat-embed-core\8.5.37\tomcat-embed-core-8.5.37.jar;C:\Users\he351544\.m2\repository\org\apache\tomcat\tomcat-annotations-api\8.5.37\tomcat-annotations-api-8.5.37.jar;C:\Users\he351544\.m2\repository\org\apache\tomcat\embed\tomcat-embed-el\8.5.37\tomcat-embed-el-8.5.37.jar;C:\Users\he351544\.m2\repository\org\eclipse\jdt\ecj\3.12.3\ecj-3.12.3.jar;C:\Users\he351544\.m2\repository\javax\servlet\jstl\1.2\jstl-1.2.jar;C:\Users\he351544\.m2\repository\mysql\mysql-connector-java\5.1.47\mysql-connector-java-5.1.47.jar;C:\Users\he351544\.m2\repository\org\springframework\boot\spring-boot-starter-test\1.5.19.RELEASE\spring-boot-starter-test-1.5.19.RELEASE.jar;C:\Users\he351544\.m2\repository\org\springframework\boot\spring-boot-test\1.5.19.RELEASE\spring-boot-test-1.5.19.RELEASE.jar;C:\Users\he351544\.m2\repository\org\springframework\boot\spring-boot-test-autoconfigure\1.5.19.RELEASE\spring-boot-test-autoconfigure-1.5.19.RELEASE.jar;C:\Users\he351544\.m2\repository\com\jayway\jsonpath\json-path\2.2.0\json-path-2.2.0.jar;C:\Users\he351544\.m2\repository\net\minidev\json-smart\2.2.1\json-smart-2.2.1.jar;C:\Users\he351544\.m2\repository\net\minidev\accessors-smart\1.1\accessors-smart-1.1.jar;C:\Users\he351544\.m2\repository\org\ow2\asm\asm\5.0.3\asm-5.0.3.jar;C:\Users\he351544\.m2\repository\junit\junit\4.12\junit-4.12.jar;C:\Users\he351544\.m2\repository\org\assertj\assertj-core\2.6.0\assertj-core-2.6.0.jar;C:\Users\he351544\.m2\repository\org\mockito\mockito-core\1.10.19\mockito-core-1.10.19.jar;C:\Users\he351544\.m2\repository\org\objenesis\objenesis\2.1\objenesis-2.1.jar;C:\Users\he351544\.m2\repository\org\hamcrest\hamcrest-core\1.3\hamcrest-core-1.3.jar;C:\Users\he351544\.m2\repository\org\hamcrest\hamcrest-library\1.3\hamcrest-library-1.3.jar;C:\Users\he351544\.m2\repository\org\skyscreamer\jsonassert\1.4.0\jsonassert-1.4.0.jar;C:\Users\he351544\.m2\repository\com\vaadin\external\google\android-json\0.0.20131108.vaadin1\android-json-0.0.20131108.vaadin1.jar;C:\Users\he351544\.m2\repository\org\springframework\spring-core\4.3.22.RELEASE\spring-core-4.3.22.RELEASE.jar;C:\Users\he351544\.m2\repository\org\springframework\spring-test\4.3.22.RELEASE\spring-test-4.3.22.RELEASE.jar;C:\Users\he351544\.m2\repository\com\googlecode\json-simple\json-simple\1.1.1\json-simple-1.1.1.jar;C:\Users\he351544\.m2\repository\io\rest-assured\rest-assured\3.0.0\rest-assured-3.0.0.jar;C:\Users\he351544\.m2\repository\org\codehaus\groovy\groovy\2.4.16\groovy-2.4.16.jar;C:\Users\he351544\.m2\repository\org\codehaus\groovy\groovy-xml\2.4.16\groovy-xml-2.4.16.jar;C:\Users\he351544\.m2\repository\org\apache\httpcomponents\httpclient\4.5.6\httpclient-4.5.6.jar;C:\Users\he351544\.m2\repository\org\apache\httpcomponents\httpcore\4.4.10\httpcore-4.4.10.jar;C:\Users\he351544\.m2\repository\commons-codec\commons-codec\1.10\commons-codec-1.10.jar;C:\Users\he351544\.m2\repository\org\apache\httpcomponents\httpmime\4.5.6\httpmime-4.5.6.jar;C:\Users\he351544\.m2\repository\org\ccil\cowan\tagsoup\tagsoup\1.2.1\tagsoup-1.2.1.jar;C:\Users\he351544\.m2\repository\io\rest-assured\json-path\3.0.0\json-path-3.0.0.jar;C:\Users\he351544\.m2\repository\org\codehaus\groovy\groovy-json\2.4.16\groovy-json-2.4.16.jar;C:\Users\he351544\.m2\repository\io\rest-assured\rest-assured-common\3.0.0\rest-assured-common-3.0.0.jar;C:\Users\he351544\.m2\repository\io\rest-assured\xml-path\3.0.0\xml-path-3.0.0.jar;C:\Users\he351544\.m2\repository\org\apache\commons\commons-lang3\3.4\commons-lang3-3.4.jar;, user.name=HE351544, java.vm.specification.version=1.8, sun.java.command=E:\LBG\Project\Optima\optima-payout\target\surefire\surefirebooter4266517429362899277.jar E:\LBG\Project\Optima\optima-payout\target\surefire\surefire4231128204031406253tmp E:\LBG\Project\Optima\optima-payout\target\surefire\surefire_07611021108176794330tmp, java.home=C:\Program Files\Java\jdk1.8.0_144\jre, sun.arch.data.model=64, user.language=en, java.specification.vendor=Oracle Corporation, awt.toolkit=sun.awt.windows.WToolkit, java.vm.info=mixed mode, java.version=1.8.0_144, java.ext.dirs=C:\Program Files\Java\jdk1.8.0_144\jre\lib\ext;C:\windows\Sun\Java\lib\ext, sun.boot.class.path=C:\Program Files\Java\jdk1.8.0_144\jre\lib\resources.jar;C:\Program Files\Java\jdk1.8.0_144\jre\lib\rt.jar;C:\Program Files\Java\jdk1.8.0_144\jre\lib\sunrsasign.jar;C:\Program Files\Java\jdk1.8.0_144\jre\lib\jsse.jar;C:\Program Files\Java\jdk1.8.0_144\jre\lib\jce.jar;C:\Program Files\Java\jdk1.8.0_144\jre\lib\charsets.jar;C:\Program Files\Java\jdk1.8.0_144\jre\lib\jfr.jar;C:\Program Files\Java\jdk1.8.0_144\jre\classes, java.vendor=Oracle Corporation, localRepository=C:\Users\he351544\.m2\repository, file.separator=\, java.vendor.url.bug=http://bugreport.sun.com/bugreport/, sun.io.unicode.encoding=UnicodeLittle, sun.cpu.endian=little, sun.desktop=windows, sun.cpu.isalist=amd64}}, SystemEnvironmentPropertySource@2048834776 {name='systemEnvironment', properties={PATH=C:/Program Files/Java/jdk1.8.0_144/jre/bin/server;C:/Program Files/Java/jdk1.8.0_144/jre/bin;C:/Program Files/Java/jdk1.8.0_144/jre/lib/amd64;C:\windows\system32;C:\windows;C:\windows\System32\Wbem;C:\windows\System32\WindowsPowerShell\v1.0\;C:\Program Files\Intel\WiFi\bin\;C:\Program Files\Common Files\Intel\WirelessCommon\;C:\Program Files\apache-cassandra-3.11.1\bin;C:\Program Files (x86)\Intel\Intel(R) Management Engine Components\DAL;C:\Program Files\Intel\Intel(R) Management Engine Components\DAL;C:\Program Files (x86)\Intel\Intel(R) Management Engine Components\IPT;C:\Program Files\Intel\Intel(R) Management Engine Components\IPT;C:\ProgramData\chocolatey\bin;C:\Program Files\Java\jdk1.8.0_162\bin;C:\Program Files\nodejs\;C:\Program Files\dotnet\;C:\Go\bin;C:\Program Files\Amazon\AWSCLI\;C:\Program Files\Terraform;C:\Program Files (x86)\PuTTY\;C:\Program Files\Java\jdk1.8.0_162\jre;C:\Program Files\Java\jdk1.8.0_144\jre\bin;C:\Program Files\Java\jdk1.8.0_144\jre;C:\Users\he351544\AppData\Local\Microsoft\WindowsApps;C:\Users\he351544\AppData\Local\Programs\Git\cmd;C:\Users\he351544\AppData\Roaming\Cloud Foundry;C:\Users\he351544\AppData\Local\atom\bin;C:\Users\he351544\AppData\Roaming\npm;C:\Program Files\Microsoft VS Code\bin;;C:\Program Files\sts-bundle\sts-3.9.1.RELEASE;, USERDOMAIN_ROAMINGPROFILE=WIPRO, PROCESSOR_LEVEL=6, SYSTEMDRIVE=C:, SESSIONNAME=Console, ALLUSERSPROFILE=C:\ProgramData, PROCESSOR_ARCHITECTURE=AMD64, USER_INT=C:\Program Files (x86)\, =E:=E:\LBG\Project\Optima\optima-payout, DEFLOGDIR=C:\ProgramData\McAfee\Endpoint Security\Logs, PROGRAMFILES=C:\Program Files, PSMODULEPATH=;, PROGRAMDATA=C:\ProgramData, CHOCOLATEYLASTPATHUPDATE=Wed Mar 28 17:41:24 2018, USERNAME=HE351544, USERDNSDOMAIN=WIPRO.COM, FPS_BROWSER_USER_PROFILE_STRING=Default, PATHEXT=.COM;.EXE;.BAT;.CMD;.VBS;.VBE;.JS;.JSE;.WSF;.WSH;.MSC, GOPATH=C:\Go, WINDIR=C:\windows, RABBITMQ_PLUGINS_DIR=C:\Program Files (x86)\RabbitMQ Server\rabbitmq_server-3.2.1\plugins, HOMEPATH=\Users\he351544, PROCESSOR_IDENTIFIER=Intel64 Family 6 Model 142 Stepping 9, GenuineIntel, PUBLIC=C:\Users\Public, =::=::\, LOCALAPPDATA=C:\Users\he351544\AppData\Local, COMMONPROGRAMFILES(X86)=C:\Program Files (x86)\Common Files, USERDOMAIN=WIPRO, FPS_BROWSER_APP_PROFILE_STRING=Internet Explorer, LOGONSERVER=\\BLR-EC-DC04, JAVA_HOME=C:\Program Files\Java\jdk1.8.0_144\jre, PROMPT=$P$G, PROGRAMFILES(X86)=C:\Program Files (x86), APPDATA=C:\Users\he351544\AppData\Roaming, PROGRAMW6432=C:\Program Files, SYSTEMROOT=C:\windows, CHOCOLATEYINSTALL=C:\ProgramData\chocolatey, VBOX_MSI_INSTALL_PATH=C:\Program Files\Oracle\VirtualBox\, NEXTHINK=C:\Program Files\Nexthink, OS=Windows_NT, COMMONPROGRAMW6432=C:\Program Files\Common Files, COMPUTERNAME=L-156133538, COMMONPROGRAMFILES=C:\Program Files\Common Files, COMSPEC=C:\windows\system32\cmd.exe, SAP_IPV6_ACTIVE=1, PROCESSOR_REVISION=8e09, CLASSPATH=C:\Program Files\Java\jdk1.8.0_144\bin, GOROOT=C:\Users\he351544\Go, UATDATA=C:\Windows\CCM\UATData\D9F8C395-CAB8-491d-B8AC-179A1FE1BE77, PARABLUUSERPROFILE=C:\Users\he351544, CASSANDRA_HOME=C:\Program Files\apache-cassandra-3.11.1, TEMP=C:\Users\he351544\AppData\Local\Temp, HOMEDRIVE=C:, USERPROFILE=C:\Users\he351544, TMP=C:\Users\he351544\AppData\Local\Temp, NUMBER_OF_PROCESSORS=4}}]
15:07:08.413 [main] DEBUG org.springframework.core.io.support.PathMatchingResourcePatternResolver - Resolved classpath location [com/wipro/optimapayout/] to resources [URL [file:/E:/LBG/Project/Optima/optima-payout/target/test-classes/com/wipro/optimapayout/], URL [file:/E:/LBG/Project/Optima/optima-payout/target/classes/com/wipro/optimapayout/]]
15:07:08.414 [main] DEBUG org.springframework.core.io.support.PathMatchingResourcePatternResolver - Looking for matching resources in directory tree [E:\LBG\Project\Optima\optima-payout\target\test-classes\com\wipro\optimapayout]
15:07:08.414 [main] DEBUG org.springframework.core.io.support.PathMatchingResourcePatternResolver - Searching directory [E:\LBG\Project\Optima\optima-payout\target\test-classes\com\wipro\optimapayout] for files matching pattern [E:/LBG/Project/Optima/optima-payout/target/test-classes/com/wipro/optimapayout/*.class]
15:07:08.421 [main] DEBUG org.springframework.core.io.support.PathMatchingResourcePatternResolver - Looking for matching resources in directory tree [E:\LBG\Project\Optima\optima-payout\target\classes\com\wipro\optimapayout]
15:07:08.421 [main] DEBUG org.springframework.core.io.support.PathMatchingResourcePatternResolver - Searching directory [E:\LBG\Project\Optima\optima-payout\target\classes\com\wipro\optimapayout] for files matching pattern [E:/LBG/Project/Optima/optima-payout/target/classes/com/wipro/optimapayout/*.class]
15:07:08.422 [main] DEBUG org.springframework.core.io.support.PathMatchingResourcePatternResolver - Resolved location pattern [classpath*:com/wipro/optimapayout/*.class] to resources [file [E:\LBG\Project\Optima\optima-payout\target\test-classes\com\wipro\optimapayout\OptimaPayoutApplicationTests.class], file [E:\LBG\Project\Optima\optima-payout\target\classes\com\wipro\optimapayout\OptimaPayoutApplication.class]]
15:07:08.496 [main] DEBUG org.springframework.context.annotation.ClassPathScanningCandidateComponentProvider - Identified candidate component class: file [E:\LBG\Project\Optima\optima-payout\target\classes\com\wipro\optimapayout\OptimaPayoutApplication.class]
15:07:08.499 [main] INFO org.springframework.boot.test.context.SpringBootTestContextBootstrapper - Found @SpringBootConfiguration com.wipro.optimapayout.OptimaPayoutApplication for test class com.wipro.optimapayout.OptimaPayoutApplicationTests
15:07:08.510 [main] DEBUG org.springframework.boot.test.context.SpringBootTestContextBootstrapper - @TestExecutionListeners is not present for class [com.wipro.optimapayout.OptimaPayoutApplicationTests]: using defaults.
15:07:08.517 [main] INFO org.springframework.boot.test.context.SpringBootTestContextBootstrapper - Loaded default TestExecutionListener class names from location [META-INF/spring.factories]: [org.springframework.boot.test.mock.mockito.MockitoTestExecutionListener, org.springframework.boot.test.mock.mockito.ResetMocksTestExecutionListener, org.springframework.boot.test.autoconfigure.restdocs.RestDocsTestExecutionListener, org.springframework.boot.test.autoconfigure.web.client.MockRestServiceServerResetTestExecutionListener, org.springframework.boot.test.autoconfigure.web.servlet.MockMvcPrintOnlyOnFailureTestExecutionListener, org.springframework.boot.test.autoconfigure.web.servlet.WebDriverTestExecutionListener, org.springframework.test.context.web.ServletTestExecutionListener, org.springframework.test.context.support.DirtiesContextBeforeModesTestExecutionListener, org.springframework.test.context.support.DependencyInjectionTestExecutionListener, org.springframework.test.context.support.DirtiesContextTestExecutionListener, org.springframework.test.context.transaction.TransactionalTestExecutionListener, org.springframework.test.context.jdbc.SqlScriptsTestExecutionListener]
15:07:08.558 [main] INFO org.springframework.boot.test.context.SpringBootTestContextBootstrapper - Using TestExecutionListeners: [org.springframework.test.context.web.ServletTestExecutionListener@38364841, org.springframework.test.context.support.DirtiesContextBeforeModesTestExecutionListener@28c4711c, org.springframework.boot.test.mock.mockito.MockitoTestExecutionListener@59717824, org.springframework.boot.test.autoconfigure.SpringBootDependencyInjectionTestExecutionListener@146044d7, org.springframework.test.context.support.DirtiesContextTestExecutionListener@1e9e725a, org.springframework.test.context.transaction.TransactionalTestExecutionListener@15d9bc04, org.springframework.test.context.jdbc.SqlScriptsTestExecutionListener@473b46c3, org.springframework.boot.test.mock.mockito.ResetMocksTestExecutionListener@516be40f, org.springframework.boot.test.autoconfigure.restdocs.RestDocsTestExecutionListener@3c0a50da, org.springframework.boot.test.autoconfigure.web.client.MockRestServiceServerResetTestExecutionListener@646be2c3, org.springframework.boot.test.autoconfigure.web.servlet.MockMvcPrintOnlyOnFailureTestExecutionListener@797badd3, org.springframework.boot.test.autoconfigure.web.servlet.WebDriverTestExecutionListener@77be656f]
15:07:08.564 [main] DEBUG org.springframework.test.annotation.ProfileValueUtils - Retrieved @ProfileValueSourceConfiguration [null] for test class [com.wipro.optimapayout.OptimaPayoutApplicationTests]
15:07:08.565 [main] DEBUG org.springframework.test.annotation.ProfileValueUtils - Retrieved ProfileValueSource type [class org.springframework.test.annotation.SystemProfileValueSource] for class [com.wipro.optimapayout.OptimaPayoutApplicationTests]
15:07:08.570 [main] DEBUG org.springframework.test.context.junit4.SpringJUnit4ClassRunner - SpringJUnit4ClassRunner constructor called with [class com.wipro.optimapayout.OptimaPayoutApplicationTests]
15:07:08.571 [main] DEBUG org.springframework.test.context.BootstrapUtils - Instantiating CacheAwareContextLoaderDelegate from class [org.springframework.test.context.cache.DefaultCacheAwareContextLoaderDelegate]
15:07:08.571 [main] DEBUG org.springframework.test.context.BootstrapUtils - Instantiating BootstrapContext using constructor [public org.springframework.test.context.support.DefaultBootstrapContext(java.lang.Class,org.springframework.test.context.CacheAwareContextLoaderDelegate)]
15:07:08.574 [main] DEBUG org.springframework.test.context.BootstrapUtils - Instantiating TestContextBootstrapper for test class [com.wipro.optimapayout.OptimaPayoutApplicationTests] from class [org.springframework.boot.test.context.SpringBootTestContextBootstrapper]
15:07:08.575 [main] INFO org.springframework.boot.test.context.SpringBootTestContextBootstrapper - Neither @ContextConfiguration nor @ContextHierarchy found for test class [com.wipro.optimapayout.OptimaPayoutApplicationTests], using SpringBootContextLoader
15:07:08.577 [main] DEBUG org.springframework.test.context.support.AbstractContextLoader - Did not detect default resource location for test class [com.wipro.optimapayout.OptimaPayoutApplicationTests]: class path resource [com/wipro/optimapayout/OptimaPayoutApplicationTests-context.xml] does not exist
15:07:08.578 [main] DEBUG org.springframework.test.context.support.AbstractContextLoader - Did not detect default resource location for test class [com.wipro.optimapayout.OptimaPayoutApplicationTests]: class path resource [com/wipro/optimapayout/OptimaPayoutApplicationTestsContext.groovy] does not exist
15:07:08.579 [main] INFO org.springframework.test.context.support.AbstractContextLoader - Could not detect default resource locations for test class [com.wipro.optimapayout.OptimaPayoutApplicationTests]: no resource found for suffixes {-context.xml, Context.groovy}.
15:07:08.579 [main] INFO org.springframework.test.context.support.AnnotationConfigContextLoaderUtils - Could not detect default configuration classes for test class [com.wipro.optimapayout.OptimaPayoutApplicationTests]: OptimaPayoutApplicationTests does not declare any static, non-private, non-final, nested classes annotated with @Configuration.
15:07:08.590 [main] DEBUG org.springframework.test.context.support.ActiveProfilesUtils - Could not find an 'annotation declaring class' for annotation type [org.springframework.test.context.ActiveProfiles] and class [com.wipro.optimapayout.OptimaPayoutApplicationTests]
15:07:08.591 [main] DEBUG org.springframework.core.env.StandardEnvironment - Adding PropertySource 'systemProperties' with lowest search precedence
15:07:08.591 [main] DEBUG org.springframework.core.env.StandardEnvironment - Adding PropertySource 'systemEnvironment' with lowest search precedence
15:07:08.592 [main] DEBUG org.springframework.core.env.StandardEnvironment - Initialized StandardEnvironment with PropertySources [MapPropertySource@1691538257 {name='systemProperties', properties={java.runtime.name=Java(TM) SE Runtime Environment, sun.boot.library.path=C:\Program Files\Java\jdk1.8.0_144\jre\bin, java.vm.version=25.144-b01, java.vm.vendor=Oracle Corporation, java.vendor.url=http://java.oracle.com/, path.separator=;, java.vm.name=Java HotSpot(TM) 64-Bit Server VM, file.encoding.pkg=sun.io, user.country=US, user.script=, sun.java.launcher=SUN_STANDARD, sun.os.patch.level=, java.vm.specification.name=Java Virtual Machine Specification, user.dir=E:\LBG\Project\Optima\optima-payout, java.runtime.version=1.8.0_144-b01, basedir=E:\LBG\Project\Optima\optima-payout, java.awt.graphicsenv=sun.awt.Win32GraphicsEnvironment, java.endorsed.dirs=C:\Program Files\Java\jdk1.8.0_144\jre\lib\endorsed, os.arch=amd64, surefire.real.class.path=E:\LBG\Project\Optima\optima-payout\target\surefire\surefirebooter4266517429362899277.jar, java.io.tmpdir=C:\Users\he351544\AppData\Local\Temp\, line.separator=
, java.vm.specification.vendor=Oracle Corporation, user.variant=, os.name=Windows 10, sun.jnu.encoding=Cp1252, java.library.path=C:\Program Files\Java\jdk1.8.0_144\jre\bin;C:\windows\Sun\Java\bin;C:\windows\system32;C:\windows;C:/Program Files/Java/jdk1.8.0_144/jre/bin/server;C:/Program Files/Java/jdk1.8.0_144/jre/bin;C:/Program Files/Java/jdk1.8.0_144/jre/lib/amd64;C:\windows\system32;C:\windows;C:\windows\System32\Wbem;C:\windows\System32\WindowsPowerShell\v1.0\;C:\Program Files\Intel\WiFi\bin\;C:\Program Files\Common Files\Intel\WirelessCommon\;C:\Program Files\apache-cassandra-3.11.1\bin;C:\Program Files (x86)\Intel\Intel(R) Management Engine Components\DAL;C:\Program Files\Intel\Intel(R) Management Engine Components\DAL;C:\Program Files (x86)\Intel\Intel(R) Management Engine Components\IPT;C:\Program Files\Intel\Intel(R) Management Engine Components\IPT;C:\ProgramData\chocolatey\bin;C:\Program Files\Java\jdk1.8.0_162\bin;C:\Program Files\nodejs\;C:\Program Files\dotnet\;C:\Go\bin;C:\Program Files\Amazon\AWSCLI\;C:\Program Files\Terraform;C:\Program Files (x86)\PuTTY\;C:\Program Files\Java\jdk1.8.0_162\jre;C:\Program Files\Java\jdk1.8.0_144\jre\bin;C:\Program Files\Java\jdk1.8.0_144\jre;C:\Users\he351544\AppData\Local\Microsoft\WindowsApps;C:\Users\he351544\AppData\Local\Programs\Git\cmd;C:\Users\he351544\AppData\Roaming\Cloud Foundry;C:\Users\he351544\AppData\Local\atom\bin;C:\Users\he351544\AppData\Roaming\npm;C:\Program Files\Microsoft VS Code\bin;;C:\Program Files\sts-bundle\sts-3.9.1.RELEASE;;., surefire.test.class.path=E:\LBG\Project\Optima\optima-payout\target\test-classes;E:\LBG\Project\Optima\optima-payout\target\classes;C:\Users\he351544\.m2\repository\org\springframework\boot\spring-boot-starter-data-jpa\1.5.19.RELEASE\spring-boot-starter-data-jpa-1.5.19.RELEASE.jar;C:\Users\he351544\.m2\repository\org\springframework\boot\spring-boot-starter\1.5.19.RELEASE\spring-boot-starter-1.5.19.RELEASE.jar;C:\Users\he351544\.m2\repository\org\springframework\boot\spring-boot\1.5.19.RELEASE\spring-boot-1.5.19.RELEASE.jar;C:\Users\he351544\.m2\repository\org\springframework\boot\spring-boot-autoconfigure\1.5.19.RELEASE\spring-boot-autoconfigure-1.5.19.RELEASE.jar;C:\Users\he351544\.m2\repository\org\springframework\boot\spring-boot-starter-logging\1.5.19.RELEASE\spring-boot-starter-logging-1.5.19.RELEASE.jar;C:\Users\he351544\.m2\repository\ch\qos\logback\logback-classic\1.1.11\logback-classic-1.1.11.jar;C:\Users\he351544\.m2\repository\ch\qos\logback\logback-core\1.1.11\logback-core-1.1.11.jar;C:\Users\he351544\.m2\repository\org\slf4j\jul-to-slf4j\1.7.25\jul-to-slf4j-1.7.25.jar;C:\Users\he351544\.m2\repository\org\slf4j\log4j-over-slf4j\1.7.25\log4j-over-slf4j-1.7.25.jar;C:\Users\he351544\.m2\repository\org\yaml\snakeyaml\1.17\snakeyaml-1.17.jar;C:\Users\he351544\.m2\repository\org\springframework\boot\spring-boot-starter-aop\1.5.19.RELEASE\spring-boot-starter-aop-1.5.19.RELEASE.jar;C:\Users\he351544\.m2\repository\org\springframework\spring-aop\4.3.22.RELEASE\spring-aop-4.3.22.RELEASE.jar;C:\Users\he351544\.m2\repository\org\aspectj\aspectjweaver\1.8.13\aspectjweaver-1.8.13.jar;C:\Users\he351544\.m2\repository\org\springframework\boot\spring-boot-starter-jdbc\1.5.19.RELEASE\spring-boot-starter-jdbc-1.5.19.RELEASE.jar;C:\Users\he351544\.m2\repository\org\apache\tomcat\tomcat-jdbc\8.5.37\tomcat-jdbc-8.5.37.jar;C:\Users\he351544\.m2\repository\org\apache\tomcat\tomcat-juli\8.5.37\tomcat-juli-8.5.37.jar;C:\Users\he351544\.m2\repository\org\springframework\spring-jdbc\4.3.22.RELEASE\spring-jdbc-4.3.22.RELEASE.jar;C:\Users\he351544\.m2\repository\org\hibernate\hibernate-core\5.0.12.Final\hibernate-core-5.0.12.Final.jar;C:\Users\he351544\.m2\repository\org\jboss\logging\jboss-logging\3.3.2.Final\jboss-logging-3.3.2.Final.jar;C:\Users\he351544\.m2\repository\org\hibernate\javax\persistence\hibernate-jpa-2.1-api\1.0.0.Final\hibernate-jpa-2.1-api-1.0.0.Final.jar;C:\Users\he351544\.m2\repository\org\javassist\javassist\3.21.0-GA\javassist-3.21.0-GA.jar;C:\Users\he351544\.m2\repository\antlr\antlr\2.7.7\antlr-2.7.7.jar;C:\Users\he351544\.m2\repository\org\jboss\jandex\2.0.0.Final\jandex-2.0.0.Final.jar;C:\Users\he351544\.m2\repository\dom4j\dom4j\1.6.1\dom4j-1.6.1.jar;C:\Users\he351544\.m2\repository\org\hibernate\common\hibernate-commons-annotations\5.0.1.Final\hibernate-commons-annotations-5.0.1.Final.jar;C:\Users\he351544\.m2\repository\org\hibernate\hibernate-entitymanager\5.0.12.Final\hibernate-entitymanager-5.0.12.Final.jar;C:\Users\he351544\.m2\repository\javax\transaction\javax.transaction-api\1.2\javax.transaction-api-1.2.jar;C:\Users\he351544\.m2\repository\org\springframework\data\spring-data-jpa\1.11.18.RELEASE\spring-data-jpa-1.11.18.RELEASE.jar;C:\Users\he351544\.m2\repository\org\springframework\data\spring-data-commons\1.13.18.RELEASE\spring-data-commons-1.13.18.RELEASE.jar;C:\Users\he351544\.m2\repository\org\springframework\spring-orm\4.3.22.RELEASE\spring-orm-4.3.22.RELEASE.jar;C:\Users\he351544\.m2\repository\org\springframework\spring-context\4.3.22.RELEASE\spring-context-4.3.22.RELEASE.jar;C:\Users\he351544\.m2\repository\org\springframework\spring-tx\4.3.22.RELEASE\spring-tx-4.3.22.RELEASE.jar;C:\Users\he351544\.m2\repository\org\springframework\spring-beans\4.3.22.RELEASE\spring-beans-4.3.22.RELEASE.jar;C:\Users\he351544\.m2\repository\org\slf4j\slf4j-api\1.7.25\slf4j-api-1.7.25.jar;C:\Users\he351544\.m2\repository\org\slf4j\jcl-over-slf4j\1.7.25\jcl-over-slf4j-1.7.25.jar;C:\Users\he351544\.m2\repository\org\springframework\spring-aspects\4.3.22.RELEASE\spring-aspects-4.3.22.RELEASE.jar;C:\Users\he351544\.m2\repository\org\springframework\boot\spring-boot-starter-web\1.5.19.RELEASE\spring-boot-starter-web-1.5.19.RELEASE.jar;C:\Users\he351544\.m2\repository\org\springframework\boot\spring-boot-starter-tomcat\1.5.19.RELEASE\spring-boot-starter-tomcat-1.5.19.RELEASE.jar;C:\Users\he351544\.m2\repository\org\apache\tomcat\embed\tomcat-embed-websocket\8.5.37\tomcat-embed-websocket-8.5.37.jar;C:\Users\he351544\.m2\repository\org\hibernate\hibernate-validator\5.3.6.Final\hibernate-validator-5.3.6.Final.jar;C:\Users\he351544\.m2\repository\javax\validation\validation-api\1.1.0.Final\validation-api-1.1.0.Final.jar;C:\Users\he351544\.m2\repository\com\fasterxml\classmate\1.3.4\classmate-1.3.4.jar;C:\Users\he351544\.m2\repository\com\fasterxml\jackson\core\jackson-databind\2.8.11.3\jackson-databind-2.8.11.3.jar;C:\Users\he351544\.m2\repository\com\fasterxml\jackson\core\jackson-annotations\2.8.0\jackson-annotations-2.8.0.jar;C:\Users\he351544\.m2\repository\com\fasterxml\jackson\core\jackson-core\2.8.11\jackson-core-2.8.11.jar;C:\Users\he351544\.m2\repository\org\springframework\spring-web\4.3.22.RELEASE\spring-web-4.3.22.RELEASE.jar;C:\Users\he351544\.m2\repository\org\springframework\spring-webmvc\4.3.22.RELEASE\spring-webmvc-4.3.22.RELEASE.jar;C:\Users\he351544\.m2\repository\org\springframework\spring-expression\4.3.22.RELEASE\spring-expression-4.3.22.RELEASE.jar;C:\Users\he351544\.m2\repository\org\apache\tomcat\embed\tomcat-embed-jasper\8.5.16\tomcat-embed-jasper-8.5.16.jar;C:\Users\he351544\.m2\repository\org\apache\tomcat\embed\tomcat-embed-core\8.5.37\tomcat-embed-core-8.5.37.jar;C:\Users\he351544\.m2\repository\org\apache\tomcat\tomcat-annotations-api\8.5.37\tomcat-annotations-api-8.5.37.jar;C:\Users\he351544\.m2\repository\org\apache\tomcat\embed\tomcat-embed-el\8.5.37\tomcat-embed-el-8.5.37.jar;C:\Users\he351544\.m2\repository\org\eclipse\jdt\ecj\3.12.3\ecj-3.12.3.jar;C:\Users\he351544\.m2\repository\javax\servlet\jstl\1.2\jstl-1.2.jar;C:\Users\he351544\.m2\repository\mysql\mysql-connector-java\5.1.47\mysql-connector-java-5.1.47.jar;C:\Users\he351544\.m2\repository\org\springframework\boot\spring-boot-starter-test\1.5.19.RELEASE\spring-boot-starter-test-1.5.19.RELEASE.jar;C:\Users\he351544\.m2\repository\org\springframework\boot\spring-boot-test\1.5.19.RELEASE\spring-boot-test-1.5.19.RELEASE.jar;C:\Users\he351544\.m2\repository\org\springframework\boot\spring-boot-test-autoconfigure\1.5.19.RELEASE\spring-boot-test-autoconfigure-1.5.19.RELEASE.jar;C:\Users\he351544\.m2\repository\com\jayway\jsonpath\json-path\2.2.0\json-path-2.2.0.jar;C:\Users\he351544\.m2\repository\net\minidev\json-smart\2.2.1\json-smart-2.2.1.jar;C:\Users\he351544\.m2\repository\net\minidev\accessors-smart\1.1\accessors-smart-1.1.jar;C:\Users\he351544\.m2\repository\org\ow2\asm\asm\5.0.3\asm-5.0.3.jar;C:\Users\he351544\.m2\repository\junit\junit\4.12\junit-4.12.jar;C:\Users\he351544\.m2\repository\org\assertj\assertj-core\2.6.0\assertj-core-2.6.0.jar;C:\Users\he351544\.m2\repository\org\mockito\mockito-core\1.10.19\mockito-core-1.10.19.jar;C:\Users\he351544\.m2\repository\org\objenesis\objenesis\2.1\objenesis-2.1.jar;C:\Users\he351544\.m2\repository\org\hamcrest\hamcrest-core\1.3\hamcrest-core-1.3.jar;C:\Users\he351544\.m2\repository\org\hamcrest\hamcrest-library\1.3\hamcrest-library-1.3.jar;C:\Users\he351544\.m2\repository\org\skyscreamer\jsonassert\1.4.0\jsonassert-1.4.0.jar;C:\Users\he351544\.m2\repository\com\vaadin\external\google\android-json\0.0.20131108.vaadin1\android-json-0.0.20131108.vaadin1.jar;C:\Users\he351544\.m2\repository\org\springframework\spring-core\4.3.22.RELEASE\spring-core-4.3.22.RELEASE.jar;C:\Users\he351544\.m2\repository\org\springframework\spring-test\4.3.22.RELEASE\spring-test-4.3.22.RELEASE.jar;C:\Users\he351544\.m2\repository\com\googlecode\json-simple\json-simple\1.1.1\json-simple-1.1.1.jar;C:\Users\he351544\.m2\repository\io\rest-assured\rest-assured\3.0.0\rest-assured-3.0.0.jar;C:\Users\he351544\.m2\repository\org\codehaus\groovy\groovy\2.4.16\groovy-2.4.16.jar;C:\Users\he351544\.m2\repository\org\codehaus\groovy\groovy-xml\2.4.16\groovy-xml-2.4.16.jar;C:\Users\he351544\.m2\repository\org\apache\httpcomponents\httpclient\4.5.6\httpclient-4.5.6.jar;C:\Users\he351544\.m2\repository\org\apache\httpcomponents\httpcore\4.4.10\httpcore-4.4.10.jar;C:\Users\he351544\.m2\repository\commons-codec\commons-codec\1.10\commons-codec-1.10.jar;C:\Users\he351544\.m2\repository\org\apache\httpcomponents\httpmime\4.5.6\httpmime-4.5.6.jar;C:\Users\he351544\.m2\repository\org\ccil\cowan\tagsoup\tagsoup\1.2.1\tagsoup-1.2.1.jar;C:\Users\he351544\.m2\repository\io\rest-assured\json-path\3.0.0\json-path-3.0.0.jar;C:\Users\he351544\.m2\repository\org\codehaus\groovy\groovy-json\2.4.16\groovy-json-2.4.16.jar;C:\Users\he351544\.m2\repository\io\rest-assured\rest-assured-common\3.0.0\rest-assured-common-3.0.0.jar;C:\Users\he351544\.m2\repository\io\rest-assured\xml-path\3.0.0\xml-path-3.0.0.jar;C:\Users\he351544\.m2\repository\org\apache\commons\commons-lang3\3.4\commons-lang3-3.4.jar;, java.specification.name=Java Platform API Specification, java.class.version=52.0, sun.management.compiler=HotSpot 64-Bit Tiered Compilers, os.version=10.0, user.home=C:\Users\he351544, user.timezone=Asia/Calcutta, java.awt.printerjob=sun.awt.windows.WPrinterJob, file.encoding=Cp1252, java.specification.version=1.8, java.class.path=E:\LBG\Project\Optima\optima-payout\target\test-classes;E:\LBG\Project\Optima\optima-payout\target\classes;C:\Users\he351544\.m2\repository\org\springframework\boot\spring-boot-starter-data-jpa\1.5.19.RELEASE\spring-boot-starter-data-jpa-1.5.19.RELEASE.jar;C:\Users\he351544\.m2\repository\org\springframework\boot\spring-boot-starter\1.5.19.RELEASE\spring-boot-starter-1.5.19.RELEASE.jar;C:\Users\he351544\.m2\repository\org\springframework\boot\spring-boot\1.5.19.RELEASE\spring-boot-1.5.19.RELEASE.jar;C:\Users\he351544\.m2\repository\org\springframework\boot\spring-boot-autoconfigure\1.5.19.RELEASE\spring-boot-autoconfigure-1.5.19.RELEASE.jar;C:\Users\he351544\.m2\repository\org\springframework\boot\spring-boot-starter-logging\1.5.19.RELEASE\spring-boot-starter-logging-1.5.19.RELEASE.jar;C:\Users\he351544\.m2\repository\ch\qos\logback\logback-classic\1.1.11\logback-classic-1.1.11.jar;C:\Users\he351544\.m2\repository\ch\qos\logback\logback-core\1.1.11\logback-core-1.1.11.jar;C:\Users\he351544\.m2\repository\org\slf4j\jul-to-slf4j\1.7.25\jul-to-slf4j-1.7.25.jar;C:\Users\he351544\.m2\repository\org\slf4j\log4j-over-slf4j\1.7.25\log4j-over-slf4j-1.7.25.jar;C:\Users\he351544\.m2\repository\org\yaml\snakeyaml\1.17\snakeyaml-1.17.jar;C:\Users\he351544\.m2\repository\org\springframework\boot\spring-boot-starter-aop\1.5.19.RELEASE\spring-boot-starter-aop-1.5.19.RELEASE.jar;C:\Users\he351544\.m2\repository\org\springframework\spring-aop\4.3.22.RELEASE\spring-aop-4.3.22.RELEASE.jar;C:\Users\he351544\.m2\repository\org\aspectj\aspectjweaver\1.8.13\aspectjweaver-1.8.13.jar;C:\Users\he351544\.m2\repository\org\springframework\boot\spring-boot-starter-jdbc\1.5.19.RELEASE\spring-boot-starter-jdbc-1.5.19.RELEASE.jar;C:\Users\he351544\.m2\repository\org\apache\tomcat\tomcat-jdbc\8.5.37\tomcat-jdbc-8.5.37.jar;C:\Users\he351544\.m2\repository\org\apache\tomcat\tomcat-juli\8.5.37\tomcat-juli-8.5.37.jar;C:\Users\he351544\.m2\repository\org\springframework\spring-jdbc\4.3.22.RELEASE\spring-jdbc-4.3.22.RELEASE.jar;C:\Users\he351544\.m2\repository\org\hibernate\hibernate-core\5.0.12.Final\hibernate-core-5.0.12.Final.jar;C:\Users\he351544\.m2\repository\org\jboss\logging\jboss-logging\3.3.2.Final\jboss-logging-3.3.2.Final.jar;C:\Users\he351544\.m2\repository\org\hibernate\javax\persistence\hibernate-jpa-2.1-api\1.0.0.Final\hibernate-jpa-2.1-api-1.0.0.Final.jar;C:\Users\he351544\.m2\repository\org\javassist\javassist\3.21.0-GA\javassist-3.21.0-GA.jar;C:\Users\he351544\.m2\repository\antlr\antlr\2.7.7\antlr-2.7.7.jar;C:\Users\he351544\.m2\repository\org\jboss\jandex\2.0.0.Final\jandex-2.0.0.Final.jar;C:\Users\he351544\.m2\repository\dom4j\dom4j\1.6.1\dom4j-1.6.1.jar;C:\Users\he351544\.m2\repository\org\hibernate\common\hibernate-commons-annotations\5.0.1.Final\hibernate-commons-annotations-5.0.1.Final.jar;C:\Users\he351544\.m2\repository\org\hibernate\hibernate-entitymanager\5.0.12.Final\hibernate-entitymanager-5.0.12.Final.jar;C:\Users\he351544\.m2\repository\javax\transaction\javax.transaction-api\1.2\javax.transaction-api-1.2.jar;C:\Users\he351544\.m2\repository\org\springframework\data\spring-data-jpa\1.11.18.RELEASE\spring-data-jpa-1.11.18.RELEASE.jar;C:\Users\he351544\.m2\repository\org\springframework\data\spring-data-commons\1.13.18.RELEASE\spring-data-commons-1.13.18.RELEASE.jar;C:\Users\he351544\.m2\repository\org\springframework\spring-orm\4.3.22.RELEASE\spring-orm-4.3.22.RELEASE.jar;C:\Users\he351544\.m2\repository\org\springframework\spring-context\4.3.22.RELEASE\spring-context-4.3.22.RELEASE.jar;C:\Users\he351544\.m2\repository\org\springframework\spring-tx\4.3.22.RELEASE\spring-tx-4.3.22.RELEASE.jar;C:\Users\he351544\.m2\repository\org\springframework\spring-beans\4.3.22.RELEASE\spring-beans-4.3.22.RELEASE.jar;C:\Users\he351544\.m2\repository\org\slf4j\slf4j-api\1.7.25\slf4j-api-1.7.25.jar;C:\Users\he351544\.m2\repository\org\slf4j\jcl-over-slf4j\1.7.25\jcl-over-slf4j-1.7.25.jar;C:\Users\he351544\.m2\repository\org\springframework\spring-aspects\4.3.22.RELEASE\spring-aspects-4.3.22.RELEASE.jar;C:\Users\he351544\.m2\repository\org\springframework\boot\spring-boot-starter-web\1.5.19.RELEASE\spring-boot-starter-web-1.5.19.RELEASE.jar;C:\Users\he351544\.m2\repository\org\springframework\boot\spring-boot-starter-tomcat\1.5.19.RELEASE\spring-boot-starter-tomcat-1.5.19.RELEASE.jar;C:\Users\he351544\.m2\repository\org\apache\tomcat\embed\tomcat-embed-websocket\8.5.37\tomcat-embed-websocket-8.5.37.jar;C:\Users\he351544\.m2\repository\org\hibernate\hibernate-validator\5.3.6.Final\hibernate-validator-5.3.6.Final.jar;C:\Users\he351544\.m2\repository\javax\validation\validation-api\1.1.0.Final\validation-api-1.1.0.Final.jar;C:\Users\he351544\.m2\repository\com\fasterxml\classmate\1.3.4\classmate-1.3.4.jar;C:\Users\he351544\.m2\repository\com\fasterxml\jackson\core\jackson-databind\2.8.11.3\jackson-databind-2.8.11.3.jar;C:\Users\he351544\.m2\repository\com\fasterxml\jackson\core\jackson-annotations\2.8.0\jackson-annotations-2.8.0.jar;C:\Users\he351544\.m2\repository\com\fasterxml\jackson\core\jackson-core\2.8.11\jackson-core-2.8.11.jar;C:\Users\he351544\.m2\repository\org\springframework\spring-web\4.3.22.RELEASE\spring-web-4.3.22.RELEASE.jar;C:\Users\he351544\.m2\repository\org\springframework\spring-webmvc\4.3.22.RELEASE\spring-webmvc-4.3.22.RELEASE.jar;C:\Users\he351544\.m2\repository\org\springframework\spring-expression\4.3.22.RELEASE\spring-expression-4.3.22.RELEASE.jar;C:\Users\he351544\.m2\repository\org\apache\tomcat\embed\tomcat-embed-jasper\8.5.16\tomcat-embed-jasper-8.5.16.jar;C:\Users\he351544\.m2\repository\org\apache\tomcat\embed\tomcat-embed-core\8.5.37\tomcat-embed-core-8.5.37.jar;C:\Users\he351544\.m2\repository\org\apache\tomcat\tomcat-annotations-api\8.5.37\tomcat-annotations-api-8.5.37.jar;C:\Users\he351544\.m2\repository\org\apache\tomcat\embed\tomcat-embed-el\8.5.37\tomcat-embed-el-8.5.37.jar;C:\Users\he351544\.m2\repository\org\eclipse\jdt\ecj\3.12.3\ecj-3.12.3.jar;C:\Users\he351544\.m2\repository\javax\servlet\jstl\1.2\jstl-1.2.jar;C:\Users\he351544\.m2\repository\mysql\mysql-connector-java\5.1.47\mysql-connector-java-5.1.47.jar;C:\Users\he351544\.m2\repository\org\springframework\boot\spring-boot-starter-test\1.5.19.RELEASE\spring-boot-starter-test-1.5.19.RELEASE.jar;C:\Users\he351544\.m2\repository\org\springframework\boot\spring-boot-test\1.5.19.RELEASE\spring-boot-test-1.5.19.RELEASE.jar;C:\Users\he351544\.m2\repository\org\springframework\boot\spring-boot-test-autoconfigure\1.5.19.RELEASE\spring-boot-test-autoconfigure-1.5.19.RELEASE.jar;C:\Users\he351544\.m2\repository\com\jayway\jsonpath\json-path\2.2.0\json-path-2.2.0.jar;C:\Users\he351544\.m2\repository\net\minidev\json-smart\2.2.1\json-smart-2.2.1.jar;C:\Users\he351544\.m2\repository\net\minidev\accessors-smart\1.1\accessors-smart-1.1.jar;C:\Users\he351544\.m2\repository\org\ow2\asm\asm\5.0.3\asm-5.0.3.jar;C:\Users\he351544\.m2\repository\junit\junit\4.12\junit-4.12.jar;C:\Users\he351544\.m2\repository\org\assertj\assertj-core\2.6.0\assertj-core-2.6.0.jar;C:\Users\he351544\.m2\repository\org\mockito\mockito-core\1.10.19\mockito-core-1.10.19.jar;C:\Users\he351544\.m2\repository\org\objenesis\objenesis\2.1\objenesis-2.1.jar;C:\Users\he351544\.m2\repository\org\hamcrest\hamcrest-core\1.3\hamcrest-core-1.3.jar;C:\Users\he351544\.m2\repository\org\hamcrest\hamcrest-library\1.3\hamcrest-library-1.3.jar;C:\Users\he351544\.m2\repository\org\skyscreamer\jsonassert\1.4.0\jsonassert-1.4.0.jar;C:\Users\he351544\.m2\repository\com\vaadin\external\google\android-json\0.0.20131108.vaadin1\android-json-0.0.20131108.vaadin1.jar;C:\Users\he351544\.m2\repository\org\springframework\spring-core\4.3.22.RELEASE\spring-core-4.3.22.RELEASE.jar;C:\Users\he351544\.m2\repository\org\springframework\spring-test\4.3.22.RELEASE\spring-test-4.3.22.RELEASE.jar;C:\Users\he351544\.m2\repository\com\googlecode\json-simple\json-simple\1.1.1\json-simple-1.1.1.jar;C:\Users\he351544\.m2\repository\io\rest-assured\rest-assured\3.0.0\rest-assured-3.0.0.jar;C:\Users\he351544\.m2\repository\org\codehaus\groovy\groovy\2.4.16\groovy-2.4.16.jar;C:\Users\he351544\.m2\repository\org\codehaus\groovy\groovy-xml\2.4.16\groovy-xml-2.4.16.jar;C:\Users\he351544\.m2\repository\org\apache\httpcomponents\httpclient\4.5.6\httpclient-4.5.6.jar;C:\Users\he351544\.m2\repository\org\apache\httpcomponents\httpcore\4.4.10\httpcore-4.4.10.jar;C:\Users\he351544\.m2\repository\commons-codec\commons-codec\1.10\commons-codec-1.10.jar;C:\Users\he351544\.m2\repository\org\apache\httpcomponents\httpmime\4.5.6\httpmime-4.5.6.jar;C:\Users\he351544\.m2\repository\org\ccil\cowan\tagsoup\tagsoup\1.2.1\tagsoup-1.2.1.jar;C:\Users\he351544\.m2\repository\io\rest-assured\json-path\3.0.0\json-path-3.0.0.jar;C:\Users\he351544\.m2\repository\org\codehaus\groovy\groovy-json\2.4.16\groovy-json-2.4.16.jar;C:\Users\he351544\.m2\repository\io\rest-assured\rest-assured-common\3.0.0\rest-assured-common-3.0.0.jar;C:\Users\he351544\.m2\repository\io\rest-assured\xml-path\3.0.0\xml-path-3.0.0.jar;C:\Users\he351544\.m2\repository\org\apache\commons\commons-lang3\3.4\commons-lang3-3.4.jar;, user.name=HE351544, java.vm.specification.version=1.8, sun.java.command=E:\LBG\Project\Optima\optima-payout\target\surefire\surefirebooter4266517429362899277.jar E:\LBG\Project\Optima\optima-payout\target\surefire\surefire4231128204031406253tmp E:\LBG\Project\Optima\optima-payout\target\surefire\surefire_07611021108176794330tmp, java.home=C:\Program Files\Java\jdk1.8.0_144\jre, sun.arch.data.model=64, user.language=en, java.specification.vendor=Oracle Corporation, awt.toolkit=sun.awt.windows.WToolkit, java.vm.info=mixed mode, java.version=1.8.0_144, java.ext.dirs=C:\Program Files\Java\jdk1.8.0_144\jre\lib\ext;C:\windows\Sun\Java\lib\ext, sun.boot.class.path=C:\Program Files\Java\jdk1.8.0_144\jre\lib\resources.jar;C:\Program Files\Java\jdk1.8.0_144\jre\lib\rt.jar;C:\Program Files\Java\jdk1.8.0_144\jre\lib\sunrsasign.jar;C:\Program Files\Java\jdk1.8.0_144\jre\lib\jsse.jar;C:\Program Files\Java\jdk1.8.0_144\jre\lib\jce.jar;C:\Program Files\Java\jdk1.8.0_144\jre\lib\charsets.jar;C:\Program Files\Java\jdk1.8.0_144\jre\lib\jfr.jar;C:\Program Files\Java\jdk1.8.0_144\jre\classes, java.vendor=Oracle Corporation, localRepository=C:\Users\he351544\.m2\repository, file.separator=\, java.vendor.url.bug=http://bugreport.sun.com/bugreport/, sun.io.unicode.encoding=UnicodeLittle, sun.cpu.endian=little, sun.desktop=windows, sun.cpu.isalist=amd64}}, SystemEnvironmentPropertySource@459848100 {name='systemEnvironment', properties={PATH=C:/Program Files/Java/jdk1.8.0_144/jre/bin/server;C:/Program Files/Java/jdk1.8.0_144/jre/bin;C:/Program Files/Java/jdk1.8.0_144/jre/lib/amd64;C:\windows\system32;C:\windows;C:\windows\System32\Wbem;C:\windows\System32\WindowsPowerShell\v1.0\;C:\Program Files\Intel\WiFi\bin\;C:\Program Files\Common Files\Intel\WirelessCommon\;C:\Program Files\apache-cassandra-3.11.1\bin;C:\Program Files (x86)\Intel\Intel(R) Management Engine Components\DAL;C:\Program Files\Intel\Intel(R) Management Engine Components\DAL;C:\Program Files (x86)\Intel\Intel(R) Management Engine Components\IPT;C:\Program Files\Intel\Intel(R) Management Engine Components\IPT;C:\ProgramData\chocolatey\bin;C:\Program Files\Java\jdk1.8.0_162\bin;C:\Program Files\nodejs\;C:\Program Files\dotnet\;C:\Go\bin;C:\Program Files\Amazon\AWSCLI\;C:\Program Files\Terraform;C:\Program Files (x86)\PuTTY\;C:\Program Files\Java\jdk1.8.0_162\jre;C:\Program Files\Java\jdk1.8.0_144\jre\bin;C:\Program Files\Java\jdk1.8.0_144\jre;C:\Users\he351544\AppData\Local\Microsoft\WindowsApps;C:\Users\he351544\AppData\Local\Programs\Git\cmd;C:\Users\he351544\AppData\Roaming\Cloud Foundry;C:\Users\he351544\AppData\Local\atom\bin;C:\Users\he351544\AppData\Roaming\npm;C:\Program Files\Microsoft VS Code\bin;;C:\Program Files\sts-bundle\sts-3.9.1.RELEASE;, USERDOMAIN_ROAMINGPROFILE=WIPRO, PROCESSOR_LEVEL=6, SYSTEMDRIVE=C:, SESSIONNAME=Console, ALLUSERSPROFILE=C:\ProgramData, PROCESSOR_ARCHITECTURE=AMD64, USER_INT=C:\Program Files (x86)\, =E:=E:\LBG\Project\Optima\optima-payout, DEFLOGDIR=C:\ProgramData\McAfee\Endpoint Security\Logs, PROGRAMFILES=C:\Program Files, PSMODULEPATH=;, PROGRAMDATA=C:\ProgramData, CHOCOLATEYLASTPATHUPDATE=Wed Mar 28 17:41:24 2018, USERNAME=HE351544, USERDNSDOMAIN=WIPRO.COM, FPS_BROWSER_USER_PROFILE_STRING=Default, PATHEXT=.COM;.EXE;.BAT;.CMD;.VBS;.VBE;.JS;.JSE;.WSF;.WSH;.MSC, GOPATH=C:\Go, WINDIR=C:\windows, RABBITMQ_PLUGINS_DIR=C:\Program Files (x86)\RabbitMQ Server\rabbitmq_server-3.2.1\plugins, HOMEPATH=\Users\he351544, PROCESSOR_IDENTIFIER=Intel64 Family 6 Model 142 Stepping 9, GenuineIntel, PUBLIC=C:\Users\Public, =::=::\, LOCALAPPDATA=C:\Users\he351544\AppData\Local, COMMONPROGRAMFILES(X86)=C:\Program Files (x86)\Common Files, USERDOMAIN=WIPRO, FPS_BROWSER_APP_PROFILE_STRING=Internet Explorer, LOGONSERVER=\\BLR-EC-DC04, JAVA_HOME=C:\Program Files\Java\jdk1.8.0_144\jre, PROMPT=$P$G, PROGRAMFILES(X86)=C:\Program Files (x86), APPDATA=C:\Users\he351544\AppData\Roaming, PROGRAMW6432=C:\Program Files, SYSTEMROOT=C:\windows, CHOCOLATEYINSTALL=C:\ProgramData\chocolatey, VBOX_MSI_INSTALL_PATH=C:\Program Files\Oracle\VirtualBox\, NEXTHINK=C:\Program Files\Nexthink, OS=Windows_NT, COMMONPROGRAMW6432=C:\Program Files\Common Files, COMPUTERNAME=L-156133538, COMMONPROGRAMFILES=C:\Program Files\Common Files, COMSPEC=C:\windows\system32\cmd.exe, SAP_IPV6_ACTIVE=1, PROCESSOR_REVISION=8e09, CLASSPATH=C:\Program Files\Java\jdk1.8.0_144\bin, GOROOT=C:\Users\he351544\Go, UATDATA=C:\Windows\CCM\UATData\D9F8C395-CAB8-491d-B8AC-179A1FE1BE77, PARABLUUSERPROFILE=C:\Users\he351544, CASSANDRA_HOME=C:\Program Files\apache-cassandra-3.11.1, TEMP=C:\Users\he351544\AppData\Local\Temp, HOMEDRIVE=C:, USERPROFILE=C:\Users\he351544, TMP=C:\Users\he351544\AppData\Local\Temp, NUMBER_OF_PROCESSORS=4}}]
15:07:08.596 [main] INFO org.springframework.boot.test.context.SpringBootTestContextBootstrapper - Found @SpringBootConfiguration com.wipro.optimapayout.OptimaPayoutApplication for test class com.wipro.optimapayout.OptimaPayoutApplicationTests
15:07:08.599 [main] DEBUG org.springframework.boot.test.context.SpringBootTestContextBootstrapper - @TestExecutionListeners is not present for class [com.wipro.optimapayout.OptimaPayoutApplicationTests]: using defaults.
15:07:08.604 [main] INFO org.springframework.boot.test.context.SpringBootTestContextBootstrapper - Loaded default TestExecutionListener class names from location [META-INF/spring.factories]: [org.springframework.boot.test.mock.mockito.MockitoTestExecutionListener, org.springframework.boot.test.mock.mockito.ResetMocksTestExecutionListener, org.springframework.boot.test.autoconfigure.restdocs.RestDocsTestExecutionListener, org.springframework.boot.test.autoconfigure.web.client.MockRestServiceServerResetTestExecutionListener, org.springframework.boot.test.autoconfigure.web.servlet.MockMvcPrintOnlyOnFailureTestExecutionListener, org.springframework.boot.test.autoconfigure.web.servlet.WebDriverTestExecutionListener, org.springframework.test.context.web.ServletTestExecutionListener, org.springframework.test.context.support.DirtiesContextBeforeModesTestExecutionListener, org.springframework.test.context.support.DependencyInjectionTestExecutionListener, org.springframework.test.context.support.DirtiesContextTestExecutionListener, org.springframework.test.context.transaction.TransactionalTestExecutionListener, org.springframework.test.context.jdbc.SqlScriptsTestExecutionListener]
15:07:08.610 [main] INFO org.springframework.boot.test.context.SpringBootTestContextBootstrapper - Using TestExecutionListeners: [org.springframework.test.context.web.ServletTestExecutionListener@5d47c63f, org.springframework.test.context.support.DirtiesContextBeforeModesTestExecutionListener@5ea434c8, org.springframework.boot.test.mock.mockito.MockitoTestExecutionListener@3bbc39f8, org.springframework.boot.test.autoconfigure.SpringBootDependencyInjectionTestExecutionListener@4ae3c1cd, org.springframework.test.context.support.DirtiesContextTestExecutionListener@29f69090, org.springframework.test.context.transaction.TransactionalTestExecutionListener@568bf312, org.springframework.test.context.jdbc.SqlScriptsTestExecutionListener@ca263c2, org.springframework.boot.test.mock.mockito.ResetMocksTestExecutionListener@589b3632, org.springframework.boot.test.autoconfigure.restdocs.RestDocsTestExecutionListener@45f45fa1, org.springframework.boot.test.autoconfigure.web.client.MockRestServiceServerResetTestExecutionListener@4c6e276e, org.springframework.boot.test.autoconfigure.web.servlet.MockMvcPrintOnlyOnFailureTestExecutionListener@534df152, org.springframework.boot.test.autoconfigure.web.servlet.WebDriverTestExecutionListener@52e677af]
15:07:08.610 [main] DEBUG org.springframework.test.annotation.ProfileValueUtils - Retrieved @ProfileValueSourceConfiguration [null] for test class [com.wipro.optimapayout.OptimaPayoutApplicationTests]
15:07:08.610 [main] DEBUG org.springframework.test.annotation.ProfileValueUtils - Retrieved ProfileValueSource type [class org.springframework.test.annotation.SystemProfileValueSource] for class [com.wipro.optimapayout.OptimaPayoutApplicationTests]
15:07:08.611 [main] DEBUG org.springframework.test.annotation.ProfileValueUtils - Retrieved @ProfileValueSourceConfiguration [null] for test class [com.wipro.optimapayout.OptimaPayoutApplicationTests]
15:07:08.612 [main] DEBUG org.springframework.test.annotation.ProfileValueUtils - Retrieved ProfileValueSource type [class org.springframework.test.annotation.SystemProfileValueSource] for class [com.wipro.optimapayout.OptimaPayoutApplicationTests]
15:07:08.619 [main] DEBUG org.springframework.test.context.support.AbstractDirtiesContextTestExecutionListener - Before test class: context [DefaultTestContext@20d3d15a testClass = OptimaPayoutApplicationTests, testInstance = [null], testMethod = [null], testException = [null], mergedContextConfiguration = [WebMergedContextConfiguration@2893de87 testClass = OptimaPayoutApplicationTests, locations = '{}', classes = '{class com.wipro.optimapayout.OptimaPayoutApplication}', contextInitializerClasses = '[]', activeProfiles = '{}', propertySourceLocations = '{}', propertySourceProperties = '{org.springframework.boot.test.context.SpringBootTestContextBootstrapper=true}', contextCustomizers = set[org.springframework.boot.test.context.SpringBootTestContextCustomizer@23e028a9, org.springframework.boot.test.context.filter.ExcludeFilterContextCustomizer@610694f1, org.springframework.boot.test.json.DuplicateJsonObjectContextCustomizerFactory$DuplicateJsonObjectContextCustomizer@3701eaf6, org.springframework.boot.test.mock.mockito.MockitoContextCustomizer@0, org.springframework.boot.test.autoconfigure.properties.PropertyMappingContextCustomizer@0, org.springframework.boot.test.autoconfigure.web.servlet.WebDriverContextCustomizerFactory$Customizer@76707e36], resourceBasePath = 'src/main/webapp', contextLoader = 'org.springframework.boot.test.context.SpringBootContextLoader', parent = [null]]], class annotated with @DirtiesContext [false] with mode [null].
15:07:08.620 [main] DEBUG org.springframework.test.annotation.ProfileValueUtils - Retrieved @ProfileValueSourceConfiguration [null] for test class [com.wipro.optimapayout.OptimaPayoutApplicationTests]
15:07:08.621 [main] DEBUG org.springframework.test.annotation.ProfileValueUtils - Retrieved ProfileValueSource type [class org.springframework.test.annotation.SystemProfileValueSource] for class [com.wipro.optimapayout.OptimaPayoutApplicationTests]
15:07:08.739 [main] DEBUG org.springframework.core.env.StandardEnvironment - Adding PropertySource 'systemProperties' with lowest search precedence
15:07:08.739 [main] DEBUG org.springframework.core.env.StandardEnvironment - Adding PropertySource 'systemEnvironment' with lowest search precedence
15:07:08.740 [main] DEBUG org.springframework.core.env.StandardEnvironment - Initialized StandardEnvironment with PropertySources [MapPropertySource@1702940637 {name='systemProperties', properties={java.runtime.name=Java(TM) SE Runtime Environment, sun.boot.library.path=C:\Program Files\Java\jdk1.8.0_144\jre\bin, java.vm.version=25.144-b01, java.vm.vendor=Oracle Corporation, java.vendor.url=http://java.oracle.com/, path.separator=;, java.vm.name=Java HotSpot(TM) 64-Bit Server VM, file.encoding.pkg=sun.io, user.country=US, user.script=, sun.java.launcher=SUN_STANDARD, sun.os.patch.level=, java.vm.specification.name=Java Virtual Machine Specification, user.dir=E:\LBG\Project\Optima\optima-payout, java.runtime.version=1.8.0_144-b01, basedir=E:\LBG\Project\Optima\optima-payout, java.awt.graphicsenv=sun.awt.Win32GraphicsEnvironment, java.endorsed.dirs=C:\Program Files\Java\jdk1.8.0_144\jre\lib\endorsed, os.arch=amd64, surefire.real.class.path=E:\LBG\Project\Optima\optima-payout\target\surefire\surefirebooter4266517429362899277.jar, java.io.tmpdir=C:\Users\he351544\AppData\Local\Temp\, line.separator=
, java.vm.specification.vendor=Oracle Corporation, user.variant=, os.name=Windows 10, sun.jnu.encoding=Cp1252, java.library.path=C:\Program Files\Java\jdk1.8.0_144\jre\bin;C:\windows\Sun\Java\bin;C:\windows\system32;C:\windows;C:/Program Files/Java/jdk1.8.0_144/jre/bin/server;C:/Program Files/Java/jdk1.8.0_144/jre/bin;C:/Program Files/Java/jdk1.8.0_144/jre/lib/amd64;C:\windows\system32;C:\windows;C:\windows\System32\Wbem;C:\windows\System32\WindowsPowerShell\v1.0\;C:\Program Files\Intel\WiFi\bin\;C:\Program Files\Common Files\Intel\WirelessCommon\;C:\Program Files\apache-cassandra-3.11.1\bin;C:\Program Files (x86)\Intel\Intel(R) Management Engine Components\DAL;C:\Program Files\Intel\Intel(R) Management Engine Components\DAL;C:\Program Files (x86)\Intel\Intel(R) Management Engine Components\IPT;C:\Program Files\Intel\Intel(R) Management Engine Components\IPT;C:\ProgramData\chocolatey\bin;C:\Program Files\Java\jdk1.8.0_162\bin;C:\Program Files\nodejs\;C:\Program Files\dotnet\;C:\Go\bin;C:\Program Files\Amazon\AWSCLI\;C:\Program Files\Terraform;C:\Program Files (x86)\PuTTY\;C:\Program Files\Java\jdk1.8.0_162\jre;C:\Program Files\Java\jdk1.8.0_144\jre\bin;C:\Program Files\Java\jdk1.8.0_144\jre;C:\Users\he351544\AppData\Local\Microsoft\WindowsApps;C:\Users\he351544\AppData\Local\Programs\Git\cmd;C:\Users\he351544\AppData\Roaming\Cloud Foundry;C:\Users\he351544\AppData\Local\atom\bin;C:\Users\he351544\AppData\Roaming\npm;C:\Program Files\Microsoft VS Code\bin;;C:\Program Files\sts-bundle\sts-3.9.1.RELEASE;;., surefire.test.class.path=E:\LBG\Project\Optima\optima-payout\target\test-classes;E:\LBG\Project\Optima\optima-payout\target\classes;C:\Users\he351544\.m2\repository\org\springframework\boot\spring-boot-starter-data-jpa\1.5.19.RELEASE\spring-boot-starter-data-jpa-1.5.19.RELEASE.jar;C:\Users\he351544\.m2\repository\org\springframework\boot\spring-boot-starter\1.5.19.RELEASE\spring-boot-starter-1.5.19.RELEASE.jar;C:\Users\he351544\.m2\repository\org\springframework\boot\spring-boot\1.5.19.RELEASE\spring-boot-1.5.19.RELEASE.jar;C:\Users\he351544\.m2\repository\org\springframework\boot\spring-boot-autoconfigure\1.5.19.RELEASE\spring-boot-autoconfigure-1.5.19.RELEASE.jar;C:\Users\he351544\.m2\repository\org\springframework\boot\spring-boot-starter-logging\1.5.19.RELEASE\spring-boot-starter-logging-1.5.19.RELEASE.jar;C:\Users\he351544\.m2\repository\ch\qos\logback\logback-classic\1.1.11\logback-classic-1.1.11.jar;C:\Users\he351544\.m2\repository\ch\qos\logback\logback-core\1.1.11\logback-core-1.1.11.jar;C:\Users\he351544\.m2\repository\org\slf4j\jul-to-slf4j\1.7.25\jul-to-slf4j-1.7.25.jar;C:\Users\he351544\.m2\repository\org\slf4j\log4j-over-slf4j\1.7.25\log4j-over-slf4j-1.7.25.jar;C:\Users\he351544\.m2\repository\org\yaml\snakeyaml\1.17\snakeyaml-1.17.jar;C:\Users\he351544\.m2\repository\org\springframework\boot\spring-boot-starter-aop\1.5.19.RELEASE\spring-boot-starter-aop-1.5.19.RELEASE.jar;C:\Users\he351544\.m2\repository\org\springframework\spring-aop\4.3.22.RELEASE\spring-aop-4.3.22.RELEASE.jar;C:\Users\he351544\.m2\repository\org\aspectj\aspectjweaver\1.8.13\aspectjweaver-1.8.13.jar;C:\Users\he351544\.m2\repository\org\springframework\boot\spring-boot-starter-jdbc\1.5.19.RELEASE\spring-boot-starter-jdbc-1.5.19.RELEASE.jar;C:\Users\he351544\.m2\repository\org\apache\tomcat\tomcat-jdbc\8.5.37\tomcat-jdbc-8.5.37.jar;C:\Users\he351544\.m2\repository\org\apache\tomcat\tomcat-juli\8.5.37\tomcat-juli-8.5.37.jar;C:\Users\he351544\.m2\repository\org\springframework\spring-jdbc\4.3.22.RELEASE\spring-jdbc-4.3.22.RELEASE.jar;C:\Users\he351544\.m2\repository\org\hibernate\hibernate-core\5.0.12.Final\hibernate-core-5.0.12.Final.jar;C:\Users\he351544\.m2\repository\org\jboss\logging\jboss-logging\3.3.2.Final\jboss-logging-3.3.2.Final.jar;C:\Users\he351544\.m2\repository\org\hibernate\javax\persistence\hibernate-jpa-2.1-api\1.0.0.Final\hibernate-jpa-2.1-api-1.0.0.Final.jar;C:\Users\he351544\.m2\repository\org\javassist\javassist\3.21.0-GA\javassist-3.21.0-GA.jar;C:\Users\he351544\.m2\repository\antlr\antlr\2.7.7\antlr-2.7.7.jar;C:\Users\he351544\.m2\repository\org\jboss\jandex\2.0.0.Final\jandex-2.0.0.Final.jar;C:\Users\he351544\.m2\repository\dom4j\dom4j\1.6.1\dom4j-1.6.1.jar;C:\Users\he351544\.m2\repository\org\hibernate\common\hibernate-commons-annotations\5.0.1.Final\hibernate-commons-annotations-5.0.1.Final.jar;C:\Users\he351544\.m2\repository\org\hibernate\hibernate-entitymanager\5.0.12.Final\hibernate-entitymanager-5.0.12.Final.jar;C:\Users\he351544\.m2\repository\javax\transaction\javax.transaction-api\1.2\javax.transaction-api-1.2.jar;C:\Users\he351544\.m2\repository\org\springframework\data\spring-data-jpa\1.11.18.RELEASE\spring-data-jpa-1.11.18.RELEASE.jar;C:\Users\he351544\.m2\repository\org\springframework\data\spring-data-commons\1.13.18.RELEASE\spring-data-commons-1.13.18.RELEASE.jar;C:\Users\he351544\.m2\repository\org\springframework\spring-orm\4.3.22.RELEASE\spring-orm-4.3.22.RELEASE.jar;C:\Users\he351544\.m2\repository\org\springframework\spring-context\4.3.22.RELEASE\spring-context-4.3.22.RELEASE.jar;C:\Users\he351544\.m2\repository\org\springframework\spring-tx\4.3.22.RELEASE\spring-tx-4.3.22.RELEASE.jar;C:\Users\he351544\.m2\repository\org\springframework\spring-beans\4.3.22.RELEASE\spring-beans-4.3.22.RELEASE.jar;C:\Users\he351544\.m2\repository\org\slf4j\slf4j-api\1.7.25\slf4j-api-1.7.25.jar;C:\Users\he351544\.m2\repository\org\slf4j\jcl-over-slf4j\1.7.25\jcl-over-slf4j-1.7.25.jar;C:\Users\he351544\.m2\repository\org\springframework\spring-aspects\4.3.22.RELEASE\spring-aspects-4.3.22.RELEASE.jar;C:\Users\he351544\.m2\repository\org\springframework\boot\spring-boot-starter-web\1.5.19.RELEASE\spring-boot-starter-web-1.5.19.RELEASE.jar;C:\Users\he351544\.m2\repository\org\springframework\boot\spring-boot-starter-tomcat\1.5.19.RELEASE\spring-boot-starter-tomcat-1.5.19.RELEASE.jar;C:\Users\he351544\.m2\repository\org\apache\tomcat\embed\tomcat-embed-websocket\8.5.37\tomcat-embed-websocket-8.5.37.jar;C:\Users\he351544\.m2\repository\org\hibernate\hibernate-validator\5.3.6.Final\hibernate-validator-5.3.6.Final.jar;C:\Users\he351544\.m2\repository\javax\validation\validation-api\1.1.0.Final\validation-api-1.1.0.Final.jar;C:\Users\he351544\.m2\repository\com\fasterxml\classmate\1.3.4\classmate-1.3.4.jar;C:\Users\he351544\.m2\repository\com\fasterxml\jackson\core\jackson-databind\2.8.11.3\jackson-databind-2.8.11.3.jar;C:\Users\he351544\.m2\repository\com\fasterxml\jackson\core\jackson-annotations\2.8.0\jackson-annotations-2.8.0.jar;C:\Users\he351544\.m2\repository\com\fasterxml\jackson\core\jackson-core\2.8.11\jackson-core-2.8.11.jar;C:\Users\he351544\.m2\repository\org\springframework\spring-web\4.3.22.RELEASE\spring-web-4.3.22.RELEASE.jar;C:\Users\he351544\.m2\repository\org\springframework\spring-webmvc\4.3.22.RELEASE\spring-webmvc-4.3.22.RELEASE.jar;C:\Users\he351544\.m2\repository\org\springframework\spring-expression\4.3.22.RELEASE\spring-expression-4.3.22.RELEASE.jar;C:\Users\he351544\.m2\repository\org\apache\tomcat\embed\tomcat-embed-jasper\8.5.16\tomcat-embed-jasper-8.5.16.jar;C:\Users\he351544\.m2\repository\org\apache\tomcat\embed\tomcat-embed-core\8.5.37\tomcat-embed-core-8.5.37.jar;C:\Users\he351544\.m2\repository\org\apache\tomcat\tomcat-annotations-api\8.5.37\tomcat-annotations-api-8.5.37.jar;C:\Users\he351544\.m2\repository\org\apache\tomcat\embed\tomcat-embed-el\8.5.37\tomcat-embed-el-8.5.37.jar;C:\Users\he351544\.m2\repository\org\eclipse\jdt\ecj\3.12.3\ecj-3.12.3.jar;C:\Users\he351544\.m2\repository\javax\servlet\jstl\1.2\jstl-1.2.jar;C:\Users\he351544\.m2\repository\mysql\mysql-connector-java\5.1.47\mysql-connector-java-5.1.47.jar;C:\Users\he351544\.m2\repository\org\springframework\boot\spring-boot-starter-test\1.5.19.RELEASE\spring-boot-starter-test-1.5.19.RELEASE.jar;C:\Users\he351544\.m2\repository\org\springframework\boot\spring-boot-test\1.5.19.RELEASE\spring-boot-test-1.5.19.RELEASE.jar;C:\Users\he351544\.m2\repository\org\springframework\boot\spring-boot-test-autoconfigure\1.5.19.RELEASE\spring-boot-test-autoconfigure-1.5.19.RELEASE.jar;C:\Users\he351544\.m2\repository\com\jayway\jsonpath\json-path\2.2.0\json-path-2.2.0.jar;C:\Users\he351544\.m2\repository\net\minidev\json-smart\2.2.1\json-smart-2.2.1.jar;C:\Users\he351544\.m2\repository\net\minidev\accessors-smart\1.1\accessors-smart-1.1.jar;C:\Users\he351544\.m2\repository\org\ow2\asm\asm\5.0.3\asm-5.0.3.jar;C:\Users\he351544\.m2\repository\junit\junit\4.12\junit-4.12.jar;C:\Users\he351544\.m2\repository\org\assertj\assertj-core\
[...]
3.22.RELEASE.jar;C:\Users\he351544\.m2\repository\org\springframework\spring-webmvc\4.3.22.RELEASE\spring-webmvc-4.3.22.RELEASE.jar;C:\Users\he351544\.m2\repository\org\springframework\spring-expression\4.3.22.RELEASE\spring-expression-4.3.22.RELEASE.jar;C:\Users\he351544\.m2\repository\org\apache\tomcat\embed\tomcat-embed-jasper\8.5.16\tomcat-embed-jasper-8.5.16.jar;C:\Users\he351544\.m2\repository\org\apache\tomcat\embed\tomcat-embed-core\8.5.37\tomcat-embed-core-8.5.37.jar;C:\Users\he351544\.m2\repository\org\apache\tomcat\tomcat-annotations-api\8.5.37\tomcat-annotations-api-8.5.37.jar;C:\Users\he351544\.m2\repository\org\apache\tomcat\embed\tomcat-embed-el\8.5.37\tomcat-embed-el-8.5.37.jar;C:\Users\he351544\.m2\repository\org\eclipse\jdt\ecj\3.12.3\ecj-3.12.3.jar;C:\Users\he351544\.m2\repository\javax\servlet\jstl\1.2\jstl-1.2.jar;C:\Users\he351544\.m2\repository\mysql\mysql-connector-java\5.1.47\mysql-connector-java-5.1.47.jar;C:\Users\he351544\.m2\repository\org\springframework\boot\spring-boot-starter-test\1.5.19.RELEASE\spring-boot-starter-test-1.5.19.RELEASE.jar;C:\Users\he351544\.m2\repository\org\springframework\boot\spring-boot-test\1.5.19.RELEASE\spring-boot-test-1.5.19.RELEASE.jar;C:\Users\he351544\.m2\repository\org\springframework\boot\spring-boot-test-autoconfigure\1.5.19.RELEASE\spring-boot-test-autoconfigure-1.5.19.RELEASE.jar;C:\Users\he351544\.m2\repository\com\jayway\jsonpath\json-path\2.2.0\json-path-2.2.0.jar;C:\Users\he351544\.m2\repository\net\minidev\json-smart\2.2.1\json-smart-2.2.1.jar;C:\Users\he351544\.m2\repository\net\minidev\accessors-smart\1.1\accessors-smart-1.1.jar;C:\Users\he351544\.m2\repository\org\ow2\asm\asm\5.0.3\asm-5.0.3.jar;C:\Users\he351544\.m2\repository\junit\junit\4.12\junit-4.12.jar;C:\Users\he351544\.m2\repository\org\assertj\assertj-core\2.6.0\assertj-core-2.6.0.jar;C:\Users\he351544\.m2\repository\org\mockito\mockito-core\1.10.19\mockito-core-1.10.19.jar;C:\Users\he351544\.m2\repository\org\objenesis\objenesis\2.1\objenesis-2.1.jar;C:\Users\he351544\.m2\repository\org\hamcrest\hamcrest-core\1.3\hamcrest-core-1.3.jar;C:\Users\he351544\.m2\repository\org\hamcrest\hamcrest-library\1.3\hamcrest-library-1.3.jar;C:\Users\he351544\.m2\repository\org\skyscreamer\jsonassert\1.4.0\jsonassert-1.4.0.jar;C:\Users\he351544\.m2\repository\com\vaadin\external\google\android-json\0.0.20131108.vaadin1\android-json-0.0.20131108.vaadin1.jar;C:\Users\he351544\.m2\repository\org\springframework\spring-core\4.3.22.RELEASE\spring-core-4.3.22.RELEASE.jar;C:\Users\he351544\.m2\repository\org\springframework\spring-test\4.3.22.RELEASE\spring-test-4.3.22.RELEASE.jar;C:\Users\he351544\.m2\repository\com\googlecode\json-simple\json-simple\1.1.1\json-simple-1.1.1.jar;C:\Users\he351544\.m2\repository\io\rest-assured\rest-assured\3.0.0\rest-assured-3.0.0.jar;C:\Users\he351544\.m2\repository\org\codehaus\groovy\groovy\2.4.16\groovy-2.4.16.jar;C:\Users\he351544\.m2\repository\org\codehaus\groovy\groovy-xml\2.4.16\groovy-xml-2.4.16.jar;C:\Users\he351544\.m2\repository\org\apache\httpcomponents\httpclient\4.5.6\httpclient-4.5.6.jar;C:\Users\he351544\.m2\repository\org\apache\httpcomponents\httpcore\4.4.10\httpcore-4.4.10.jar;C:\Users\he351544\.m2\repository\commons-codec\commons-codec\1.10\commons-codec-1.10.jar;C:\Users\he351544\.m2\repository\org\apache\httpcomponents\httpmime\4.5.6\httpmime-4.5.6.jar;C:\Users\he351544\.m2\repository\org\ccil\cowan\tagsoup\tagsoup\1.2.1\tagsoup-1.2.1.jar;C:\Users\he351544\.m2\repository\io\rest-assured\json-path\3.0.0\json-path-3.0.0.jar;C:\Users\he351544\.m2\repository\org\codehaus\groovy\groovy-json\2.4.16\groovy-json-2.4.16.jar;C:\Users\he351544\.m2\repository\io\rest-assured\rest-assured-common\3.0.0\rest-assured-common-3.0.0.jar;C:\Users\he351544\.m2\repository\io\rest-assured\xml-path\3.0.0\xml-path-3.0.0.jar;C:\Users\he351544\.m2\repository\org\apache\commons\commons-lang3\3.4\commons-lang3-3.4.jar;, user.name=HE351544, java.vm.specification.version=1.8, sun.java.command=E:\LBG\Project\Optima\optima-payout\target\surefire\surefirebooter4266517429362899277.jar E:\LBG\Project\Optima\optima-payout\target\surefire\surefire4231128204031406253tmp E:\LBG\Project\Optima\optima-payout\target\surefire\surefire_07611021108176794330tmp, java.home=C:\Program Files\Java\jdk1.8.0_144\jre, sun.arch.data.model=64, user.language=en, java.specification.vendor=Oracle Corporation, awt.toolkit=sun.awt.windows.WToolkit, java.vm.info=mixed mode, java.version=1.8.0_144, java.ext.dirs=C:\Program Files\Java\jdk1.8.0_144\jre\lib\ext;C:\windows\Sun\Java\lib\ext, sun.boot.class.path=C:\Program Files\Java\jdk1.8.0_144\jre\lib\resources.jar;C:\Program Files\Java\jdk1.8.0_144\jre\lib\rt.jar;C:\Program Files\Java\jdk1.8.0_144\jre\lib\sunrsasign.jar;C:\Program Files\Java\jdk1.8.0_144\jre\lib\jsse.jar;C:\Program Files\Java\jdk1.8.0_144\jre\lib\jce.jar;C:\Program Files\Java\jdk1.8.0_144\jre\lib\charsets.jar;C:\Program Files\Java\jdk1.8.0_144\jre\lib\jfr.jar;C:\Program Files\Java\jdk1.8.0_144\jre\classes, java.vendor=Oracle Corporation, localRepository=C:\Users\he351544\.m2\repository, file.separator=\, java.vendor.url.bug=http://bugreport.sun.com/bugreport/, sun.io.unicode.encoding=UnicodeLittle, sun.cpu.endian=little, sun.desktop=windows, sun.cpu.isalist=amd64}}, SystemEnvironmentPropertySource@2114684409 {name='systemEnvironment', properties={PATH=C:/Program Files/Java/jdk1.8.0_144/jre/bin/server;C:/Program Files/Java/jdk1.8.0_144/jre/bin;C:/Program Files/Java/jdk1.8.0_144/jre/lib/amd64;C:\windows\system32;C:\windows;C:\windows\System32\Wbem;C:\windows\System32\WindowsPowerShell\v1.0\;C:\Program Files\Intel\WiFi\bin\;C:\Program Files\Common Files\Intel\WirelessCommon\;C:\Program Files\apache-cassandra-3.11.1\bin;C:\Program Files (x86)\Intel\Intel(R) Management Engine Components\DAL;C:\Program Files\Intel\Intel(R) Management Engine Components\DAL;C:\Program Files (x86)\Intel\Intel(R) Management Engine Components\IPT;C:\Program Files\Intel\Intel(R) Management Engine Components\IPT;C:\ProgramData\chocolatey\bin;C:\Program Files\Java\jdk1.8.0_162\bin;C:\Program Files\nodejs\;C:\Program Files\dotnet\;C:\Go\bin;C:\Program Files\Amazon\AWSCLI\;C:\Program Files\Terraform;C:\Program Files (x86)\PuTTY\;C:\Program Files\Java\jdk1.8.0_162\jre;C:\Program Files\Java\jdk1.8.0_144\jre\bin;C:\Program Files\Java\jdk1.8.0_144\jre;C:\Users\he351544\AppData\Local\Microsoft\WindowsApps;C:\Users\he351544\AppData\Local\Programs\Git\cmd;C:\Users\he351544\AppData\Roaming\Cloud Foundry;C:\Users\he351544\AppData\Local\atom\bin;C:\Users\he351544\AppData\Roaming\npm;C:\Program Files\Microsoft VS Code\bin;;C:\Program Files\sts-bundle\sts-3.9.1.RELEASE;, USERDOMAIN_ROAMINGPROFILE=WIPRO, PROCESSOR_LEVEL=6, SYSTEMDRIVE=C:, SESSIONNAME=Console, ALLUSERSPROFILE=C:\ProgramData, PROCESSOR_ARCHITECTURE=AMD64, USER_INT=C:\Program Files (x86)\, =E:=E:\LBG\Project\Optima\optima-payout, DEFLOGDIR=C:\ProgramData\McAfee\Endpoint Security\Logs, PROGRAMFILES=C:\Program Files, PSMODULEPATH=;, PROGRAMDATA=C:\ProgramData, CHOCOLATEYLASTPATHUPDATE=Wed Mar 28 17:41:24 2018, USERNAME=HE351544, USERDNSDOMAIN=WIPRO.COM, FPS_BROWSER_USER_PROFILE_STRING=Default, PATHEXT=.COM;.EXE;.BAT;.CMD;.VBS;.VBE;.JS;.JSE;.WSF;.WSH;.MSC, GOPATH=C:\Go, WINDIR=C:\windows, RABBITMQ_PLUGINS_DIR=C:\Program Files (x86)\RabbitMQ Server\rabbitmq_server-3.2.1\plugins, HOMEPATH=\Users\he351544, PROCESSOR_IDENTIFIER=Intel64 Family 6 Model 142 Stepping 9, GenuineIntel, PUBLIC=C:\Users\Public, =::=::\, LOCALAPPDATA=C:\Users\he351544\AppData\Local, COMMONPROGRAMFILES(X86)=C:\Program Files (x86)\Common Files, USERDOMAIN=WIPRO, FPS_BROWSER_APP_PROFILE_STRING=Internet Explorer, LOGONSERVER=\\BLR-EC-DC04, JAVA_HOME=C:\Program Files\Java\jdk1.8.0_144\jre, PROMPT=$P$G, PROGRAMFILES(X86)=C:\Program Files (x86), APPDATA=C:\Users\he351544\AppData\Roaming, PROGRAMW6432=C:\Program Files, SYSTEMROOT=C:\windows, CHOCOLATEYINSTALL=C:\ProgramData\chocolatey, VBOX_MSI_INSTALL_PATH=C:\Program Files\Oracle\VirtualBox\, NEXTHINK=C:\Program Files\Nexthink, OS=Windows_NT, COMMONPROGRAMW6432=C:\Program Files\Common Files, COMPUTERNAME=L-156133538, COMMONPROGRAMFILES=C:\Program Files\Common Files, COMSPEC=C:\windows\system32\cmd.exe, SAP_IPV6_ACTIVE=1, PROCESSOR_REVISION=8e09, CLASSPATH=C:\Program Files\Java\jdk1.8.0_144\bin, GOROOT=C:\Users\he351544\Go, UATDATA=C:\Windows\CCM\UATData\D9F8C395-CAB8-491d-B8AC-179A1FE1BE77, PARABLUUSERPROFILE=C:\Users\he351544, CASSANDRA_HOME=C:\Program Files\apache-cassandra-3.11.1, TEMP=C:\Users\he351544\AppData\Local\Temp, HOMEDRIVE=C:, USERPROFILE=C:\Users\he351544, TMP=C:\Users\he351544\AppData\Local\Temp, NUMBER_OF_PROCESSORS=4}}]
15:07:08.743 [main] DEBUG org.springframework.core.env.MutablePropertySources - Adding PropertySource 'inline' with highest search precedence
15:07:08.751 [main] DEBUG org.springframework.test.context.support.TestPropertySourceUtils - Adding inlined properties to environment: {spring.jmx.enabled=false, org.springframework.boot.test.context.SpringBootTestContextBootstrapper=true, server.port=-1}
15:07:08.751 [main] DEBUG org.springframework.core.env.StandardEnvironment - Adding PropertySource 'Inlined Test Properties' with highest search precedence

  .   ____          _            __ _ _
 /\\ / ___'_ __ _ _(_)_ __  __ _ \ \ \ \
( ( )\___ | '_ | '_| | '_ \/ _` | \ \ \ \
 \\/  ___)| |_)| | | | | || (_| |  ) ) ) )
  '  |____| .__|_| |_|_| |_\__, | / / / /
 =========|_|==============|___/=/_/_/_/
 :: Spring Boot ::       (v1.5.19.RELEASE)

2019-02-19 15:07:09.222  INFO 15848 --- [           main] c.w.o.OptimaPayoutApplicationTests       : Starting OptimaPayoutApplicationTests on L-156133538 with PID 15848 (started by HE351544 in E:\LBG\Project\Optima\optima-payout)
2019-02-19 15:07:09.223  INFO 15848 --- [           main] c.w.o.OptimaPayoutApplicationTests       : No active profile set, falling back to default profiles: default
2019-02-19 15:07:09.613  INFO 15848 --- [           main] o.s.w.c.s.GenericWebApplicationContext   : Refreshing org.springframework.web.context.support.GenericWebApplicationContext@3059cbc: startup date [Tue Feb 19 15:07:09 IST 2019]; root of context hierarchy
2019-02-19 15:07:11.124  INFO 15848 --- [           main] trationDelegate$BeanPostProcessorChecker : Bean 'org.springframework.transaction.annotation.ProxyTransactionManagementConfiguration' of type [org.springframework.transaction.annotation.ProxyTransactionManagementConfiguration$$EnhancerBySpringCGLIB$$ee40d292] is not eligible for getting processed by all BeanPostProcessors (for example: not eligible for auto-proxying)
2019-02-19 15:07:12.067  INFO 15848 --- [           main] j.LocalContainerEntityManagerFactoryBean : Building JPA container EntityManagerFactory for persistence unit 'default'
2019-02-19 15:07:12.083  INFO 15848 --- [           main] o.hibernate.jpa.internal.util.LogHelper  : HHH000204: Processing PersistenceUnitInfo [
	name: default
	...]
2019-02-19 15:07:12.162  INFO 15848 --- [           main] org.hibernate.Version                    : HHH000412: Hibernate Core {5.0.12.Final}
2019-02-19 15:07:12.163  INFO 15848 --- [           main] org.hibernate.cfg.Environment            : HHH000206: hibernate.properties not found
2019-02-19 15:07:12.164  INFO 15848 --- [           main] org.hibernate.cfg.Environment            : HHH000021: Bytecode provider name : javassist
2019-02-19 15:07:12.205  INFO 15848 --- [           main] o.hibernate.annotations.common.Version   : HCANN000001: Hibernate Commons Annotations {5.0.1.Final}
2019-02-19 15:07:12.323  INFO 15848 --- [           main] org.hibernate.dialect.Dialect            : HHH000400: Using dialect: org.hibernate.dialect.MySQL5Dialect
2019-02-19 15:07:12.888  INFO 15848 --- [           main] org.hibernate.tool.hbm2ddl.SchemaExport  : HHH000227: Running hbm2ddl schema export
2019-02-19 15:07:12.897  INFO 15848 --- [           main] org.hibernate.tool.hbm2ddl.SchemaExport  : HHH000230: Schema export complete
2019-02-19 15:07:12.928  INFO 15848 --- [           main] j.LocalContainerEntityManagerFactoryBean : Initialized JPA EntityManagerFactory for persistence unit 'default'
2019-02-19 15:07:13.851  INFO 15848 --- [           main] s.w.s.m.m.a.RequestMappingHandlerAdapter : Looking for @ControllerAdvice: org.springframework.web.context.support.GenericWebApplicationContext@3059cbc: startup date [Tue Feb 19 15:07:09 IST 2019]; root of context hierarchy
2019-02-19 15:07:14.008  INFO 15848 --- [           main] s.w.s.m.m.a.RequestMappingHandlerMapping : Mapped "{[/payOutPlanService/optimize]}" onto public java.lang.String com.wipro.optimapayout.controller.OptimaPayoutController.optimize(org.springframework.ui.Model)
2019-02-19 15:07:14.010  INFO 15848 --- [           main] s.w.s.m.m.a.RequestMappingHandlerMapping : Mapped "{[/payOutPlanService/login]}" onto public java.lang.String com.wipro.optimapayout.controller.OptimaPayoutController.login()
2019-02-19 15:07:14.011  INFO 15848 --- [           main] s.w.s.m.m.a.RequestMappingHandlerMapping : Mapped "{[/payOutPlanService/landingpage]}" onto public java.lang.String com.wipro.optimapayout.controller.OptimaPayoutController.details(org.springframework.ui.Model)
2019-02-19 15:07:14.020  INFO 15848 --- [           main] s.w.s.m.m.a.RequestMappingHandlerMapping : Mapped "{[/error]}" onto public org.springframework.http.ResponseEntity<java.util.Map<java.lang.String, java.lang.Object>> org.springframework.boot.autoconfigure.web.BasicErrorController.error(javax.servlet.http.HttpServletRequest)
2019-02-19 15:07:14.021  INFO 15848 --- [           main] s.w.s.m.m.a.RequestMappingHandlerMapping : Mapped "{[/error],produces=[text/html]}" onto public org.springframework.web.servlet.ModelAndView org.springframework.boot.autoconfigure.web.BasicErrorController.errorHtml(javax.servlet.http.HttpServletRequest,javax.servlet.http.HttpServletResponse)
2019-02-19 15:07:14.084  INFO 15848 --- [           main] o.s.w.s.handler.SimpleUrlHandlerMapping  : Mapped URL path [/webjars/**] onto handler of type [class org.springframework.web.servlet.resource.ResourceHttpRequestHandler]
2019-02-19 15:07:14.084  INFO 15848 --- [           main] o.s.w.s.handler.SimpleUrlHandlerMapping  : Mapped URL path [/**] onto handler of type [class org.springframework.web.servlet.resource.ResourceHttpRequestHandler]
2019-02-19 15:07:14.160  INFO 15848 --- [           main] o.s.w.s.handler.SimpleUrlHandlerMapping  : Mapped URL path [/**/favicon.ico] onto handler of type [class org.springframework.web.servlet.resource.ResourceHttpRequestHandler]
2019-02-19 15:07:14.652  INFO 15848 --- [           main] c.w.o.OptimaPayoutApplicationTests       : Started OptimaPayoutApplicationTests in 5.884 seconds (JVM running for 6.961)
404
]]></system-out>
    <system-err><![CDATA[Tue Feb 19 15:07:11 IST 2019 WARN: Establishing SSL connection without server's identity verification is not recommended. According to MySQL 5.5.45+, 5.6.26+ and 5.7.6+ requirements SSL connection must be established by default if explicit option isn't set. For compliance with existing applications not using SSL the verifyServerCertificate property is set to 'false'. You need either to explicitly disable SSL by setting useSSL=false, or set useSSL=true and provide truststore for server certificate verification.
Tue Feb 19 15:07:11 IST 2019 WARN: Establishing SSL connection without server's identity verification is not recommended. According to MySQL 5.5.45+, 5.6.26+ and 5.7.6+ requirements SSL connection must be established by default if explicit option isn't set. For compliance with existing applications not using SSL the verifyServerCertificate property is set to 'false'. You need either to explicitly disable SSL by setting useSSL=false, or set useSSL=true and provide truststore for server certificate verification.
Tue Feb 19 15:07:11 IST 2019 WARN: Establishing SSL connection without server's identity verification is not recommended. According to MySQL 5.5.45+, 5.6.26+ and 5.7.6+ requirements SSL connection must be established by default if explicit option isn't set. For compliance with existing applications not using SSL the verifyServerCertificate property is set to 'false'. You need either to explicitly disable SSL by setting useSSL=false, or set useSSL=true and provide truststore for server certificate verification.
Tue Feb 19 15:07:11 IST 2019 WARN: Establishing SSL connection without server's identity verification is not recommended. According to MySQL 5.5.45+, 5.6.26+ and 5.7.6+ requirements SSL connection must be established by default if explicit option isn't set. For compliance with existing applications not using SSL the verifyServerCertificate property is set to 'false'. You need either to explicitly disable SSL by setting useSSL=false, or set useSSL=true and provide truststore for server certificate verification.
Tue Feb 19 15:07:11 IST 2019 WARN: Establishing SSL connection without server's identity verification is not recommended. According to MySQL 5.5.45+, 5.6.26+ and 5.7.6+ requirements SSL connection must be established by default if explicit option isn't set. For compliance with existing applications not using SSL the verifyServerCertificate property is set to 'false'. You need either to explicitly disable SSL by setting useSSL=false, or set useSSL=true and provide truststore for server certificate verification.
Tue Feb 19 15:07:11 IST 2019 WARN: Establishing SSL connection without server's identity verification is not recommended. According to MySQL 5.5.45+, 5.6.26+ and 5.7.6+ requirements SSL connection must be established by default if explicit option isn't set. For compliance with existing applications not using SSL the verifyServerCertificate property is set to 'false'. You need either to explicitly disable SSL by setting useSSL=false, or set useSSL=true and provide truststore for server certificate verification.
Tue Feb 19 15:07:11 IST 2019 WARN: Establishing SSL connection without server's identity verification is not recommended. According to MySQL 5.5.45+, 5.6.26+ and 5.7.6+ requirements SSL connection must be established by default if explicit option isn't set. For compliance with existing applications not using SSL the verifyServerCertificate property is set to 'false'. You need either to explicitly disable SSL by setting useSSL=false, or set useSSL=true and provide truststore for server certificate verification.
Tue Feb 19 15:07:11 IST 2019 WARN: Establishing SSL connection without server's identity verification is not recommended. According to MySQL 5.5.45+, 5.6.26+ and 5.7.6+ requirements SSL connection must be established by default if explicit option isn't set. For compliance with existing applications not using SSL the verifyServerCertificate property is set to 'false'. You need either to explicitly disable SSL by setting useSSL=false, or set useSSL=true and provide truststore for server certificate verification.
Tue Feb 19 15:07:11 IST 2019 WARN: Establishing SSL connection without server's identity verification is not recommended. According to MySQL 5.5.45+, 5.6.26+ and 5.7.6+ requirements SSL connection must be established by default if explicit option isn't set. For compliance with existing applications not using SSL the verifyServerCertificate property is set to 'false'. You need either to explicitly disable SSL by setting useSSL=false, or set useSSL=true and provide truststore for server certificate verification.
Tue Feb 19 15:07:12 IST 2019 WARN: Establishing SSL connection without server's identity verification is not recommended. According to MySQL 5.5.45+, 5.6.26+ and 5.7.6+ requirements SSL connection must be established by default if explicit option isn't set. For compliance with existing applications not using SSL the verifyServerCertificate property is set to 'false'. You need either to explicitly disable SSL by setting useSSL=false, or set useSSL=true and provide truststore for server certificate verification.
]]></system-err>
  </testcase>
</testsuite>